<?xml version="1.0" encoding="UTF-8"?>
<testsuite xmlns:xsi="http://www.w3.org/2001/XMLSchema-instance" xsi:noNamespaceSchemaLocation="https://maven.apache.org/surefire/maven-surefire-plugin/xsd/surefire-test-report.xsd" name="cn.com.yusys.oca.AppTest" time="0.037" tests="1" errors="0" skipped="0" failures="0">
  <properties>
    <property name="sun.desktop" value="windows"/>
    <property name="awt.toolkit" value="sun.awt.windows.WToolkit"/>
    <property name="file.encoding.pkg" value="sun.io"/>
    <property name="java.specification.version" value="1.8"/>
    <property name="sun.cpu.isalist" value="amd64"/>
    <property name="sun.jnu.encoding" value="GBK"/>
    <property name="java.class.path" value="D:\Git\yorms\yorms\yorms-parent\yorms-oca\target\test-classes;D:\Git\yorms\yorms\yorms-parent\yorms-oca\target\classes;C:\Users\Crescent\.m2\repository\org\springframework\boot\spring-boot-starter-actuator\2.0.8.RELEASE\spring-boot-starter-actuator-2.0.8.RELEASE.jar;C:\Users\Crescent\.m2\repository\org\springframework\boot\spring-boot-starter\2.0.8.RELEASE\spring-boot-starter-2.0.8.RELEASE.jar;C:\Users\Crescent\.m2\repository\org\springframework\boot\spring-boot\2.0.8.RELEASE\spring-boot-2.0.8.RELEASE.jar;C:\Users\Crescent\.m2\repository\org\springframework\boot\spring-boot-autoconfigure\2.0.8.RELEASE\spring-boot-autoconfigure-2.0.8.RELEASE.jar;C:\Users\Crescent\.m2\repository\org\springframework\boot\spring-boot-starter-logging\2.0.8.RELEASE\spring-boot-starter-logging-2.0.8.RELEASE.jar;C:\Users\Crescent\.m2\repository\ch\qos\logback\logback-classic\1.2.3\logback-classic-1.2.3.jar;C:\Users\Crescent\.m2\repository\ch\qos\logback\logback-core\1.2.3\logback-core-1.2.3.jar;C:\Users\Crescent\.m2\repository\org\apache\logging\log4j\log4j-to-slf4j\2.10.0\log4j-to-slf4j-2.10.0.jar;C:\Users\Crescent\.m2\repository\org\apache\logging\log4j\log4j-api\2.10.0\log4j-api-2.10.0.jar;C:\Users\Crescent\.m2\repository\org\slf4j\jul-to-slf4j\1.7.25\jul-to-slf4j-1.7.25.jar;C:\Users\Crescent\.m2\repository\javax\annotation\javax.annotation-api\1.3.2\javax.annotation-api-1.3.2.jar;C:\Users\Crescent\.m2\repository\org\yaml\snakeyaml\1.19\snakeyaml-1.19.jar;C:\Users\Crescent\.m2\repository\org\springframework\boot\spring-boot-actuator-autoconfigure\2.0.8.RELEASE\spring-boot-actuator-autoconfigure-2.0.8.RELEASE.jar;C:\Users\Crescent\.m2\repository\org\springframework\boot\spring-boot-actuator\2.0.8.RELEASE\spring-boot-actuator-2.0.8.RELEASE.jar;C:\Users\Crescent\.m2\repository\com\fasterxml\jackson\core\jackson-databind\2.9.8\jackson-databind-2.9.8.jar;C:\Users\Crescent\.m2\repository\com\fasterxml\jackson\core\jackson-core\2.9.8\jackson-core-2.9.8.jar;C:\Users\Crescent\.m2\repository\org\springframework\spring-context\5.0.12.RELEASE\spring-context-5.0.12.RELEASE.jar;C:\Users\Crescent\.m2\repository\com\fasterxml\jackson\datatype\jackson-datatype-jsr310\2.9.8\jackson-datatype-jsr310-2.9.8.jar;C:\Users\Crescent\.m2\repository\io\micrometer\micrometer-core\1.0.9\micrometer-core-1.0.9.jar;C:\Users\Crescent\.m2\repository\org\hdrhistogram\HdrHistogram\2.1.10\HdrHistogram-2.1.10.jar;C:\Users\Crescent\.m2\repository\org\latencyutils\LatencyUtils\2.0.3\LatencyUtils-2.0.3.jar;C:\Users\Crescent\.m2\repository\org\springframework\boot\spring-boot-starter-web\2.0.8.RELEASE\spring-boot-starter-web-2.0.8.RELEASE.jar;C:\Users\Crescent\.m2\repository\org\springframework\boot\spring-boot-starter-json\2.0.8.RELEASE\spring-boot-starter-json-2.0.8.RELEASE.jar;C:\Users\Crescent\.m2\repository\com\fasterxml\jackson\datatype\jackson-datatype-jdk8\2.9.8\jackson-datatype-jdk8-2.9.8.jar;C:\Users\Crescent\.m2\repository\com\fasterxml\jackson\module\jackson-module-parameter-names\2.9.8\jackson-module-parameter-names-2.9.8.jar;C:\Users\Crescent\.m2\repository\org\springframework\boot\spring-boot-starter-tomcat\2.0.8.RELEASE\spring-boot-starter-tomcat-2.0.8.RELEASE.jar;C:\Users\Crescent\.m2\repository\org\apache\tomcat\embed\tomcat-embed-core\8.5.37\tomcat-embed-core-8.5.37.jar;C:\Users\Crescent\.m2\repository\org\apache\tomcat\embed\tomcat-embed-el\8.5.37\tomcat-embed-el-8.5.37.jar;C:\Users\Crescent\.m2\repository\org\apache\tomcat\embed\tomcat-embed-websocket\8.5.37\tomcat-embed-websocket-8.5.37.jar;C:\Users\Crescent\.m2\repository\org\hibernate\validator\hibernate-validator\6.0.14.Final\hibernate-validator-6.0.14.Final.jar;C:\Users\Crescent\.m2\repository\javax\validation\validation-api\2.0.1.Final\validation-api-2.0.1.Final.jar;C:\Users\Crescent\.m2\repository\org\jboss\logging\jboss-logging\3.3.2.Final\jboss-logging-3.3.2.Final.jar;C:\Users\Crescent\.m2\repository\org\springframework\spring-web\5.0.12.RELEASE\spring-web-5.0.12.RELEASE.jar;C:\Users\Crescent\.m2\repository\org\springframework\spring-beans\5.0.12.RELEASE\spring-beans-5.0.12.RELEASE.jar;C:\Users\Crescent\.m2\repository\org\springframework\spring-webmvc\5.0.12.RELEASE\spring-webmvc-5.0.12.RELEASE.jar;C:\Users\Crescent\.m2\repository\org\springframework\spring-aop\5.0.12.RELEASE\spring-aop-5.0.12.RELEASE.jar;C:\Users\Crescent\.m2\repository\org\springframework\spring-expression\5.0.12.RELEASE\spring-expression-5.0.12.RELEASE.jar;C:\Users\Crescent\.m2\repository\org\springframework\boot\spring-boot-starter-data-jpa\2.0.8.RELEASE\spring-boot-starter-data-jpa-2.0.8.RELEASE.jar;C:\Users\Crescent\.m2\repository\org\springframework\boot\spring-boot-starter-aop\2.0.8.RELEASE\spring-boot-starter-aop-2.0.8.RELEASE.jar;C:\Users\Crescent\.m2\repository\org\aspectj\aspectjweaver\1.8.13\aspectjweaver-1.8.13.jar;C:\Users\Crescent\.m2\repository\org\springframework\boot\spring-boot-starter-jdbc\2.0.8.RELEASE\spring-boot-starter-jdbc-2.0.8.RELEASE.jar;C:\Users\Crescent\.m2\repository\com\zaxxer\HikariCP\2.7.9\HikariCP-2.7.9.jar;C:\Users\Crescent\.m2\repository\org\springframework\spring-jdbc\5.0.12.RELEASE\spring-jdbc-5.0.12.RELEASE.jar;C:\Users\Crescent\.m2\repository\javax\transaction\javax.transaction-api\1.2\javax.transaction-api-1.2.jar;C:\Users\Crescent\.m2\repository\org\hibernate\hibernate-core\5.2.17.Final\hibernate-core-5.2.17.Final.jar;C:\Users\Crescent\.m2\repository\org\hibernate\javax\persistence\hibernate-jpa-2.1-api\1.0.2.Final\hibernate-jpa-2.1-api-1.0.2.Final.jar;C:\Users\Crescent\.m2\repository\org\javassist\javassist\3.22.0-GA\javassist-3.22.0-GA.jar;C:\Users\Crescent\.m2\repository\antlr\antlr\2.7.7\antlr-2.7.7.jar;C:\Users\Crescent\.m2\repository\org\jboss\jandex\2.0.3.Final\jandex-2.0.3.Final.jar;C:\Users\Crescent\.m2\repository\dom4j\dom4j\1.6.1\dom4j-1.6.1.jar;C:\Users\Crescent\.m2\repository\org\hibernate\common\hibernate-commons-annotations\5.0.1.Final\hibernate-commons-annotations-5.0.1.Final.jar;C:\Users\Crescent\.m2\repository\org\springframework\data\spring-data-jpa\2.0.13.RELEASE\spring-data-jpa-2.0.13.RELEASE.jar;C:\Users\Crescent\.m2\repository\org\springframework\data\spring-data-commons\2.0.13.RELEASE\spring-data-commons-2.0.13.RELEASE.jar;C:\Users\Crescent\.m2\repository\org\springframework\spring-orm\5.0.12.RELEASE\spring-orm-5.0.12.RELEASE.jar;C:\Users\Crescent\.m2\repository\org\springframework\spring-tx\5.0.12.RELEASE\spring-tx-5.0.12.RELEASE.jar;C:\Users\Crescent\.m2\repository\org\springframework\spring-aspects\5.0.12.RELEASE\spring-aspects-5.0.12.RELEASE.jar;C:\Users\Crescent\.m2\repository\org\springframework\boot\spring-boot-starter-test\2.0.8.RELEASE\spring-boot-starter-test-2.0.8.RELEASE.jar;C:\Users\Crescent\.m2\repository\org\springframework\boot\spring-boot-test\2.0.8.RELEASE\spring-boot-test-2.0.8.RELEASE.jar;C:\Users\Crescent\.m2\repository\org\springframework\boot\spring-boot-test-autoconfigure\2.0.8.RELEASE\spring-boot-test-autoconfigure-2.0.8.RELEASE.jar;C:\Users\Crescent\.m2\repository\com\jayway\jsonpath\json-path\2.4.0\json-path-2.4.0.jar;C:\Users\Crescent\.m2\repository\net\minidev\json-smart\2.3\json-smart-2.3.jar;C:\Users\Crescent\.m2\repository\net\minidev\accessors-smart\1.2\accessors-smart-1.2.jar;C:\Users\Crescent\.m2\repository\org\ow2\asm\asm\5.0.4\asm-5.0.4.jar;C:\Users\Crescent\.m2\repository\junit\junit\4.12\junit-4.12.jar;C:\Users\Crescent\.m2\repository\org\assertj\assertj-core\3.9.1\assertj-core-3.9.1.jar;C:\Users\Crescent\.m2\repository\org\mockito\mockito-core\2.15.0\mockito-core-2.15.0.jar;C:\Users\Crescent\.m2\repository\net\bytebuddy\byte-buddy\1.7.11\byte-buddy-1.7.11.jar;C:\Users\Crescent\.m2\repository\net\bytebuddy\byte-buddy-agent\1.7.11\byte-buddy-agent-1.7.11.jar;C:\Users\Crescent\.m2\repository\org\objenesis\objenesis\2.6\objenesis-2.6.jar;C:\Users\Crescent\.m2\repository\org\hamcrest\hamcrest-core\1.3\hamcrest-core-1.3.jar;C:\Users\Crescent\.m2\repository\org\hamcrest\hamcrest-library\1.3\hamcrest-library-1.3.jar;C:\Users\Crescent\.m2\repository\org\skyscreamer\jsonassert\1.5.0\jsonassert-1.5.0.jar;C:\Users\Crescent\.m2\repository\com\vaadin\external\google\android-json\0.0.20131108.vaadin1\android-json-0.0.20131108.vaadin1.jar;C:\Users\Crescent\.m2\repository\org\springframework\spring-core\5.0.12.RELEASE\spring-core-5.0.12.RELEASE.jar;C:\Users\Crescent\.m2\repository\org\springframework\spring-jcl\5.0.12.RELEASE\spring-jcl-5.0.12.RELEASE.jar;C:\Users\Crescent\.m2\repository\org\springframework\spring-test\5.0.12.RELEASE\spring-test-5.0.12.RELEASE.jar;C:\Users\Crescent\.m2\repository\org\xmlunit\xmlunit-core\2.5.1\xmlunit-core-2.5.1.jar;C:\Users\Crescent\.m2\repository\mysql\mysql-connector-java\5.1.47\mysql-connector-java-5.1.47.jar;C:\Users\Crescent\.m2\repository\javax\servlet\servlet-api\2.5\servlet-api-2.5.jar;C:\Users\Crescent\.m2\repository\io\springfox\springfox-swagger2\2.6.1\springfox-swagger2-2.6.1.jar;C:\Users\Crescent\.m2\repository\io\swagger\swagger-annotations\1.5.10\swagger-annotations-1.5.10.jar;C:\Users\Crescent\.m2\repository\io\swagger\swagger-models\1.5.10\swagger-models-1.5.10.jar;C:\Users\Crescent\.m2\repository\com\fasterxml\jackson\core\jackson-annotations\2.9.0\jackson-annotations-2.9.0.jar;C:\Users\Crescent\.m2\repository\io\springfox\springfox-spi\2.6.1\springfox-spi-2.6.1.jar;C:\Users\Crescent\.m2\repository\io\springfox\springfox-core\2.6.1\springfox-core-2.6.1.jar;C:\Users\Crescent\.m2\repository\io\springfox\springfox-schema\2.6.1\springfox-schema-2.6.1.jar;C:\Users\Crescent\.m2\repository\io\springfox\springfox-swagger-common\2.6.1\springfox-swagger-common-2.6.1.jar;C:\Users\Crescent\.m2\repository\io\springfox\springfox-spring-web\2.6.1\springfox-spring-web-2.6.1.jar;C:\Users\Crescent\.m2\repository\com\google\guava\guava\18.0\guava-18.0.jar;C:\Users\Crescent\.m2\repository\com\fasterxml\classmate\1.3.4\classmate-1.3.4.jar;C:\Users\Crescent\.m2\repository\org\slf4j\slf4j-api\1.7.25\slf4j-api-1.7.25.jar;C:\Users\Crescent\.m2\repository\org\springframework\plugin\spring-plugin-core\1.2.0.RELEASE\spring-plugin-core-1.2.0.RELEASE.jar;C:\Users\Crescent\.m2\repository\org\springframework\plugin\spring-plugin-metadata\1.2.0.RELEASE\spring-plugin-metadata-1.2.0.RELEASE.jar;C:\Users\Crescent\.m2\repository\org\mapstruct\mapstruct\1.0.0.Final\mapstruct-1.0.0.Final.jar;C:\Users\Crescent\.m2\repository\io\springfox\springfox-swagger-ui\2.6.1\springfox-swagger-ui-2.6.1.jar;C:\Users\Crescent\.m2\repository\com\alibaba\fastjson\1.2.47\fastjson-1.2.47.jar;C:\Users\Crescent\.m2\repository\cn\com\yusys\yorms-common\1.0.1\yorms-common-1.0.1.jar;C:\Users\Crescent\.m2\repository\org\apache\hadoop\hadoop-common\3.1.1\hadoop-common-3.1.1.jar;C:\Users\Crescent\.m2\repository\commons-cli\commons-cli\1.2\commons-cli-1.2.jar;C:\Users\Crescent\.m2\repository\org\apache\commons\commons-math3\3.1.1\commons-math3-3.1.1.jar;C:\Users\Crescent\.m2\repository\org\apache\httpcomponents\httpclient\4.5.6\httpclient-4.5.6.jar;C:\Users\Crescent\.m2\repository\commons-codec\commons-codec\1.11\commons-codec-1.11.jar;C:\Users\Crescent\.m2\repository\commons-io\commons-io\2.5\commons-io-2.5.jar;C:\Users\Crescent\.m2\repository\commons-net\commons-net\3.6\commons-net-3.6.jar;C:\Users\Crescent\.m2\repository\commons-collections\commons-collections\3.2.2\commons-collections-3.2.2.jar;C:\Users\Crescent\.m2\repository\javax\servlet\javax.servlet-api\3.1.0\javax.servlet-api-3.1.0.jar;C:\Users\Crescent\.m2\repository\org\eclipse\jetty\jetty-server\9.4.14.v20181114\jetty-server-9.4.14.v20181114.jar;C:\Users\Crescent\.m2\repository\org\eclipse\jetty\jetty-http\9.4.14.v20181114\jetty-http-9.4.14.v20181114.jar;C:\Users\Crescent\.m2\repository\org\eclipse\jetty\jetty-io\9.4.14.v20181114\jetty-io-9.4.14.v20181114.jar;C:\Users\Crescent\.m2\repository\org\eclipse\jetty\jetty-util\9.4.14.v20181114\jetty-util-9.4.14.v20181114.jar;C:\Users\Crescent\.m2\repository\org\eclipse\jetty\jetty-servlet\9.4.14.v20181114\jetty-servlet-9.4.14.v20181114.jar;C:\Users\Crescent\.m2\repository\org\eclipse\jetty\jetty-security\9.4.14.v20181114\jetty-security-9.4.14.v20181114.jar;C:\Users\Crescent\.m2\repository\org\eclipse\jetty\jetty-webapp\9.4.14.v20181114\jetty-webapp-9.4.14.v20181114.jar;C:\Users\Crescent\.m2\repository\org\eclipse\jetty\jetty-xml\9.4.14.v20181114\jetty-xml-9.4.14.v20181114.jar;C:\Users\Crescent\.m2\repository\javax\servlet\jsp\jsp-api\2.1\jsp-api-2.1.jar;C:\Users\Crescent\.m2\repository\com\sun\jersey\jersey-core\1.19.1\jersey-core-1.19.1.jar;C:\Users\Crescent\.m2\repository\javax\ws\rs\jsr311-api\1.1.1\jsr311-api-1.1.1.jar;C:\Users\Crescent\.m2\repository\com\sun\jersey\jersey-servlet\1.19.1\jersey-servlet-1.19.1.jar;C:\Users\Crescent\.m2\repository\com\sun\jersey\jersey-json\1.19\jersey-json-1.19.jar;C:\Users\Crescent\.m2\repository\org\codehaus\jettison\jettison\1.1\jettison-1.1.jar;C:\Users\Crescent\.m2\repository\com\sun\xml\bind\jaxb-impl\2.2.3-1\jaxb-impl-2.2.3-1.jar;C:\Users\Crescent\.m2\repository\javax\xml\bind\jaxb-api\2.3.1\jaxb-api-2.3.1.jar;C:\Users\Crescent\.m2\repository\javax\activation\javax.activation-api\1.2.0\javax.activation-api-1.2.0.jar;C:\Users\Crescent\.m2\repository\org\codehaus\jackson\jackson-core-asl\1.9.2\jackson-core-asl-1.9.2.jar;C:\Users\Crescent\.m2\repository\org\codehaus\jackson\jackson-mapper-asl\1.9.2\jackson-mapper-asl-1.9.2.jar;C:\Users\Crescent\.m2\repository\org\codehaus\jackson\jackson-jaxrs\1.9.2\jackson-jaxrs-1.9.2.jar;C:\Users\Crescent\.m2\repository\org\codehaus\jackson\jackson-xc\1.9.2\jackson-xc-1.9.2.jar;C:\Users\Crescent\.m2\repository\com\sun\jersey\jersey-server\1.19.1\jersey-server-1.19.1.jar;C:\Users\Crescent\.m2\repository\commons-logging\commons-logging\1.1.3\commons-logging-1.1.3.jar;C:\Users\Crescent\.m2\repository\log4j\log4j\1.2.17\log4j-1.2.17.jar;C:\Users\Crescent\.m2\repository\commons-lang\commons-lang\2.6\commons-lang-2.6.jar;C:\Users\Crescent\.m2\repository\commons-beanutils\commons-beanutils\1.9.3\commons-beanutils-1.9.3.jar;C:\Users\Crescent\.m2\repository\org\apache\commons\commons-configuration2\2.1.1\commons-configuration2-2.1.1.jar;C:\Users\Crescent\.m2\repository\org\apache\commons\commons-lang3\3.7\commons-lang3-3.7.jar;C:\Users\Crescent\.m2\repository\org\slf4j\slf4j-log4j12\1.7.25\slf4j-log4j12-1.7.25.jar;C:\Users\Crescent\.m2\repository\org\apache\avro\avro\1.7.7\avro-1.7.7.jar;C:\Users\Crescent\.m2\repository\com\thoughtworks\paranamer\paranamer\2.3\paranamer-2.3.jar;C:\Users\Crescent\.m2\repository\org\xerial\snappy\snappy-java\1.0.5\snappy-java-1.0.5.jar;C:\Users\Crescent\.m2\repository\com\google\re2j\re2j\1.1\re2j-1.1.jar;C:\Users\Crescent\.m2\repository\com\google\protobuf\protobuf-java\2.5.0\protobuf-java-2.5.0.jar;C:\Users\Crescent\.m2\repository\com\google\code\gson\gson\2.8.5\gson-2.8.5.jar;C:\Users\Crescent\.m2\repository\org\apache\hadoop\hadoop-auth\3.1.1\hadoop-auth-3.1.1.jar;C:\Users\Crescent\.m2\repository\com\nimbusds\nimbus-jose-jwt\4.41.1\nimbus-jose-jwt-4.41.1.jar;C:\Users\Crescent\.m2\repository\com\github\stephenc\jcip\jcip-annotations\1.0-1\jcip-annotations-1.0-1.jar;C:\Users\Crescent\.m2\repository\org\apache\curator\curator-framework\4.0.1\curator-framework-4.0.1.jar;C:\Users\Crescent\.m2\repository\com\jcraft\jsch\0.1.54\jsch-0.1.54.jar;C:\Users\Crescent\.m2\repository\org\apache\curator\curator-client\2.12.0\curator-client-2.12.0.jar;C:\Users\Crescent\.m2\repository\org\apache\curator\curator-recipes\4.0.1\curator-recipes-4.0.1.jar;C:\Users\Crescent\.m2\repository\com\google\code\findbugs\jsr305\3.0.0\jsr305-3.0.0.jar;C:\Users\Crescent\.m2\repository\org\apache\htrace\htrace-core4\4.1.0-incubating\htrace-core4-4.1.0-incubating.jar;C:\Users\Crescent\.m2\repository\org\apache\zookeeper\zookeeper\3.4.9\zookeeper-3.4.9.jar;C:\Users\Crescent\.m2\repository\jline\jline\0.9.94\jline-0.9.94.jar;C:\Users\Crescent\.m2\repository\org\apache\commons\commons-compress\1.4.1\commons-compress-1.4.1.jar;C:\Users\Crescent\.m2\repository\org\tukaani\xz\1.0\xz-1.0.jar;C:\Users\Crescent\.m2\repository\org\apache\kerby\kerb-simplekdc\1.0.1\kerb-simplekdc-1.0.1.jar;C:\Users\Crescent\.m2\repository\org\apache\kerby\kerb-client\1.0.1\kerb-client-1.0.1.jar;C:\Users\Crescent\.m2\repository\org\apache\kerby\kerby-config\1.0.1\kerby-config-1.0.1.jar;C:\Users\Crescent\.m2\repository\org\apache\kerby\kerb-core\1.0.1\kerb-core-1.0.1.jar;C:\Users\Crescent\.m2\repository\org\apache\kerby\kerby-pkix\1.0.1\kerby-pkix-1.0.1.jar;C:\Users\Crescent\.m2\repository\org\apache\kerby\kerby-asn1\1.0.1\kerby-asn1-1.0.1.jar;C:\Users\Crescent\.m2\repository\org\apache\kerby\kerby-util\1.0.1\kerby-util-1.0.1.jar;C:\Users\Crescent\.m2\repository\org\apache\kerby\kerb-common\1.0.1\kerb-common-1.0.1.jar;C:\Users\Crescent\.m2\repository\org\apache\kerby\kerb-crypto\1.0.1\kerb-crypto-1.0.1.jar;C:\Users\Crescent\.m2\repository\org\apache\kerby\kerb-util\1.0.1\kerb-util-1.0.1.jar;C:\Users\Crescent\.m2\repository\org\apache\kerby\token-provider\1.0.1\token-provider-1.0.1.jar;C:\Users\Crescent\.m2\repository\org\apache\kerby\kerb-admin\1.0.1\kerb-admin-1.0.1.jar;C:\Users\Crescent\.m2\repository\org\apache\kerby\kerb-server\1.0.1\kerb-server-1.0.1.jar;C:\Users\Crescent\.m2\repository\org\apache\kerby\kerb-identity\1.0.1\kerb-identity-1.0.1.jar;C:\Users\Crescent\.m2\repository\org\apache\kerby\kerby-xdr\1.0.1\kerby-xdr-1.0.1.jar;C:\Users\Crescent\.m2\repository\org\codehaus\woodstox\stax2-api\3.1.4\stax2-api-3.1.4.jar;C:\Users\Crescent\.m2\repository\com\fasterxml\woodstox\woodstox-core\5.0.3\woodstox-core-5.0.3.jar;C:\Users\Crescent\.m2\repository\org\apache\hadoop\hadoop-hdfs\3.1.1\hadoop-hdfs-3.1.1.jar;C:\Users\Crescent\.m2\repository\org\eclipse\jetty\jetty-util-ajax\9.4.14.v20181114\jetty-util-ajax-9.4.14.v20181114.jar;C:\Users\Crescent\.m2\repository\commons-daemon\commons-daemon\1.0.13\commons-daemon-1.0.13.jar;C:\Users\Crescent\.m2\repository\io\netty\netty\3.10.5.Final\netty-3.10.5.Final.jar;C:\Users\Crescent\.m2\repository\io\netty\netty-all\4.1.31.Final\netty-all-4.1.31.Final.jar;C:\Users\Crescent\.m2\repository\org\fusesource\leveldbjni\leveldbjni-all\1.8\leveldbjni-all-1.8.jar;C:\Users\Crescent\.m2\repository\org\apache\hadoop\hadoop-hdfs-client\3.1.1\hadoop-hdfs-client-3.1.1.jar;C:\Users\Crescent\.m2\repository\com\squareup\okhttp\okhttp\2.7.5\okhttp-2.7.5.jar;C:\Users\Crescent\.m2\repository\com\squareup\okio\okio\1.6.0\okio-1.6.0.jar;C:\Users\Crescent\.m2\repository\org\apache\hadoop\hadoop-annotations\3.1.1\hadoop-annotations-3.1.1.jar;C:\Program Files\Java\jdk1.8.0_172\jre\..\lib\tools.jar;C:\Users\Crescent\.m2\repository\org\springframework\cloud\spring-cloud-starter-consul-discovery\2.0.2.RELEASE\spring-cloud-starter-consul-discovery-2.0.2.RELEASE.jar;C:\Users\Crescent\.m2\repository\org\springframework\cloud\spring-cloud-starter-consul\2.0.1.RELEASE\spring-cloud-starter-consul-2.0.1.RELEASE.jar;C:\Users\Crescent\.m2\repository\org\springframework\cloud\spring-cloud-context\2.0.2.RELEASE\spring-cloud-context-2.0.2.RELEASE.jar;C:\Users\Crescent\.m2\repository\org\springframework\cloud\spring-cloud-consul-core\2.0.1.RELEASE\spring-cloud-consul-core-2.0.1.RELEASE.jar;C:\Users\Crescent\.m2\repository\com\ecwid\consul\consul-api\1.3.1\consul-api-1.3.1.jar;C:\Users\Crescent\.m2\repository\org\apache\httpcomponents\httpcore\4.4.10\httpcore-4.4.10.jar;C:\Users\Crescent\.m2\repository\org\springframework\cloud\spring-cloud-consul-discovery\2.0.1.RELEASE\spring-cloud-consul-discovery-2.0.1.RELEASE.jar;C:\Users\Crescent\.m2\repository\commons-configuration\commons-configuration\1.8\commons-configuration-1.8.jar;C:\Users\Crescent\.m2\repository\org\springframework\cloud\spring-cloud-netflix-core\2.0.2.RELEASE\spring-cloud-netflix-core-2.0.2.RELEASE.jar;C:\Users\Crescent\.m2\repository\org\springframework\cloud\spring-cloud-starter-netflix-ribbon\2.0.2.RELEASE\spring-cloud-starter-netflix-ribbon-2.0.2.RELEASE.jar;C:\Users\Crescent\.m2\repository\org\springframework\cloud\spring-cloud-netflix-ribbon\2.0.2.RELEASE\spring-cloud-netflix-ribbon-2.0.2.RELEASE.jar;C:\Users\Crescent\.m2\repository\org\springframework\cloud\spring-cloud-netflix-archaius\2.0.2.RELEASE\spring-cloud-netflix-archaius-2.0.2.RELEASE.jar;C:\Users\Crescent\.m2\repository\org\springframework\cloud\spring-cloud-starter-netflix-archaius\2.0.2.RELEASE\spring-cloud-starter-netflix-archaius-2.0.2.RELEASE.jar;C:\Users\Crescent\.m2\repository\com\netflix\ribbon\ribbon\2.2.5\ribbon-2.2.5.jar;C:\Users\Crescent\.m2\repository\com\netflix\ribbon\ribbon-transport\2.2.5\ribbon-transport-2.2.5.jar;C:\Users\Crescent\.m2\repository\io\reactivex\rxnetty-contexts\0.4.9\rxnetty-contexts-0.4.9.jar;C:\Users\Crescent\.m2\repository\io\reactivex\rxnetty-servo\0.4.9\rxnetty-servo-0.4.9.jar;C:\Users\Crescent\.m2\repository\javax\inject\javax.inject\1\javax.inject-1.jar;C:\Users\Crescent\.m2\repository\io\reactivex\rxnetty\0.4.9\rxnetty-0.4.9.jar;C:\Users\Crescent\.m2\repository\com\netflix\ribbon\ribbon-core\2.2.5\ribbon-core-2.2.5.jar;C:\Users\Crescent\.m2\repository\com\netflix\ribbon\ribbon-httpclient\2.2.5\ribbon-httpclient-2.2.5.jar;C:\Users\Crescent\.m2\repository\com\sun\jersey\jersey-client\1.19.1\jersey-client-1.19.1.jar;C:\Users\Crescent\.m2\repository\com\sun\jersey\contribs\jersey-apache-client4\1.19.1\jersey-apache-client4-1.19.1.jar;C:\Users\Crescent\.m2\repository\com\netflix\servo\servo-core\0.12.21\servo-core-0.12.21.jar;C:\Users\Crescent\.m2\repository\com\netflix\netflix-commons\netflix-commons-util\0.3.0\netflix-commons-util-0.3.0.jar;C:\Users\Crescent\.m2\repository\com\netflix\ribbon\ribbon-loadbalancer\2.2.5\ribbon-loadbalancer-2.2.5.jar;C:\Users\Crescent\.m2\repository\com\netflix\netflix-commons\netflix-statistics\0.1.1\netflix-statistics-0.1.1.jar;C:\Users\Crescent\.m2\repository\io\reactivex\rxjava\1.3.8\rxjava-1.3.8.jar;C:\Users\Crescent\.m2\repository\joda-time\joda-time\2.9.9\joda-time-2.9.9.jar;C:\Users\Crescent\.m2\repository\org\springframework\cloud\spring-cloud-starter-consul-config\2.0.2.RELEASE\spring-cloud-starter-consul-config-2.0.2.RELEASE.jar;C:\Users\Crescent\.m2\repository\org\springframework\cloud\spring-cloud-consul-config\2.0.1.RELEASE\spring-cloud-consul-config-2.0.1.RELEASE.jar;C:\Users\Crescent\.m2\repository\org\springframework\cloud\spring-cloud-starter-feign\1.4.7.RELEASE\spring-cloud-starter-feign-1.4.7.RELEASE.jar;C:\Users\Crescent\.m2\repository\org\springframework\cloud\spring-cloud-starter-openfeign\2.0.2.RELEASE\spring-cloud-starter-openfeign-2.0.2.RELEASE.jar;C:\Users\Crescent\.m2\repository\org\springframework\cloud\spring-cloud-starter\2.0.2.RELEASE\spring-cloud-starter-2.0.2.RELEASE.jar;C:\Users\Crescent\.m2\repository\org\springframework\security\spring-security-rsa\1.0.7.RELEASE\spring-security-rsa-1.0.7.RELEASE.jar;C:\Users\Crescent\.m2\repository\org\bouncycastle\bcpkix-jdk15on\1.60\bcpkix-jdk15on-1.60.jar;C:\Users\Crescent\.m2\repository\org\bouncycastle\bcprov-jdk15on\1.60\bcprov-jdk15on-1.60.jar;C:\Users\Crescent\.m2\repository\org\springframework\cloud\spring-cloud-openfeign-core\2.0.2.RELEASE\spring-cloud-openfeign-core-2.0.2.RELEASE.jar;C:\Users\Crescent\.m2\repository\io\github\openfeign\form\feign-form-spring\3.3.0\feign-form-spring-3.3.0.jar;C:\Users\Crescent\.m2\repository\io\github\openfeign\form\feign-form\3.3.0\feign-form-3.3.0.jar;C:\Users\Crescent\.m2\repository\com\google\code\findbugs\annotations\3.0.1\annotations-3.0.1.jar;C:\Users\Crescent\.m2\repository\net\jcip\jcip-annotations\1.0\jcip-annotations-1.0.jar;C:\Users\Crescent\.m2\repository\commons-fileupload\commons-fileupload\1.3.3\commons-fileupload-1.3.3.jar;C:\Users\Crescent\.m2\repository\org\springframework\cloud\spring-cloud-commons\2.0.2.RELEASE\spring-cloud-commons-2.0.2.RELEASE.jar;C:\Users\Crescent\.m2\repository\org\springframework\security\spring-security-crypto\5.0.11.RELEASE\spring-security-crypto-5.0.11.RELEASE.jar;C:\Users\Crescent\.m2\repository\io\github\openfeign\feign-core\9.7.0\feign-core-9.7.0.jar;C:\Users\Crescent\.m2\repository\io\github\openfeign\feign-slf4j\9.7.0\feign-slf4j-9.7.0.jar;C:\Users\Crescent\.m2\repository\io\github\openfeign\feign-hystrix\9.7.0\feign-hystrix-9.7.0.jar;C:\Users\Crescent\.m2\repository\com\netflix\archaius\archaius-core\0.7.6\archaius-core-0.7.6.jar;C:\Users\Crescent\.m2\repository\com\netflix\hystrix\hystrix-core\1.5.12\hystrix-core-1.5.12.jar;C:\Users\Crescent\.m2\repository\io\github\openfeign\feign-java8\9.7.0\feign-java8-9.7.0.jar;"/>
    <property name="java.vm.vendor" value="Oracle Corporation"/>
    <property name="sun.arch.data.model" value="64"/>
    <property name="user.variant" value=""/>
    <property name="java.vendor.url" value="http://java.oracle.com/"/>
    <property name="user.timezone" value=""/>
    <property name="java.vm.specification.version" value="1.8"/>
    <property name="os.name" value="Windows 10"/>
    <property name="user.country" value="CN"/>
    <property name="sun.java.launcher" value="SUN_STANDARD"/>
    <property name="sun.boot.library.path" value="C:\Program Files\Java\jdk1.8.0_172\jre\bin"/>
    <property name="sun.java.command" value="C:\Users\Crescent\AppData\Local\Temp\surefire6214490081638745903\surefirebooter2425328429364390954.jar C:\Users\Crescent\AppData\Local\Temp\surefire6214490081638745903 2020-04-09T16-42-12_051-jvmRun1 surefire4861543743624183327tmp surefire_05054131181568956981tmp"/>
    <property name="surefire.test.class.path" value="D:\Git\yorms\yorms\yorms-parent\yorms-oca\target\test-classes;D:\Git\yorms\yorms\yorms-parent\yorms-oca\target\classes;C:\Users\Crescent\.m2\repository\org\springframework\boot\spring-boot-starter-actuator\2.0.8.RELEASE\spring-boot-starter-actuator-2.0.8.RELEASE.jar;C:\Users\Crescent\.m2\repository\org\springframework\boot\spring-boot-starter\2.0.8.RELEASE\spring-boot-starter-2.0.8.RELEASE.jar;C:\Users\Crescent\.m2\repository\org\springframework\boot\spring-boot\2.0.8.RELEASE\spring-boot-2.0.8.RELEASE.jar;C:\Users\Crescent\.m2\repository\org\springframework\boot\spring-boot-autoconfigure\2.0.8.RELEASE\spring-boot-autoconfigure-2.0.8.RELEASE.jar;C:\Users\Crescent\.m2\repository\org\springframework\boot\spring-boot-starter-logging\2.0.8.RELEASE\spring-boot-starter-logging-2.0.8.RELEASE.jar;C:\Users\Crescent\.m2\repository\ch\qos\logback\logback-classic\1.2.3\logback-classic-1.2.3.jar;C:\Users\Crescent\.m2\repository\ch\qos\logback\logback-core\1.2.3\logback-core-1.2.3.jar;C:\Users\Crescent\.m2\repository\org\apache\logging\log4j\log4j-to-slf4j\2.10.0\log4j-to-slf4j-2.10.0.jar;C:\Users\Crescent\.m2\repository\org\apache\logging\log4j\log4j-api\2.10.0\log4j-api-2.10.0.jar;C:\Users\Crescent\.m2\repository\org\slf4j\jul-to-slf4j\1.7.25\jul-to-slf4j-1.7.25.jar;C:\Users\Crescent\.m2\repository\javax\annotation\javax.annotation-api\1.3.2\javax.annotation-api-1.3.2.jar;C:\Users\Crescent\.m2\repository\org\yaml\snakeyaml\1.19\snakeyaml-1.19.jar;C:\Users\Crescent\.m2\repository\org\springframework\boot\spring-boot-actuator-autoconfigure\2.0.8.RELEASE\spring-boot-actuator-autoconfigure-2.0.8.RELEASE.jar;C:\Users\Crescent\.m2\repository\org\springframework\boot\spring-boot-actuator\2.0.8.RELEASE\spring-boot-actuator-2.0.8.RELEASE.jar;C:\Users\Crescent\.m2\repository\com\fasterxml\jackson\core\jackson-databind\2.9.8\jackson-databind-2.9.8.jar;C:\Users\Crescent\.m2\repository\com\fasterxml\jackson\core\jackson-core\2.9.8\jackson-core-2.9.8.jar;C:\Users\Crescent\.m2\repository\org\springframework\spring-context\5.0.12.RELEASE\spring-context-5.0.12.RELEASE.jar;C:\Users\Crescent\.m2\repository\com\fasterxml\jackson\datatype\jackson-datatype-jsr310\2.9.8\jackson-datatype-jsr310-2.9.8.jar;C:\Users\Crescent\.m2\repository\io\micrometer\micrometer-core\1.0.9\micrometer-core-1.0.9.jar;C:\Users\Crescent\.m2\repository\org\hdrhistogram\HdrHistogram\2.1.10\HdrHistogram-2.1.10.jar;C:\Users\Crescent\.m2\repository\org\latencyutils\LatencyUtils\2.0.3\LatencyUtils-2.0.3.jar;C:\Users\Crescent\.m2\repository\org\springframework\boot\spring-boot-starter-web\2.0.8.RELEASE\spring-boot-starter-web-2.0.8.RELEASE.jar;C:\Users\Crescent\.m2\repository\org\springframework\boot\spring-boot-starter-json\2.0.8.RELEASE\spring-boot-starter-json-2.0.8.RELEASE.jar;C:\Users\Crescent\.m2\repository\com\fasterxml\jackson\datatype\jackson-datatype-jdk8\2.9.8\jackson-datatype-jdk8-2.9.8.jar;C:\Users\Crescent\.m2\repository\com\fasterxml\jackson\module\jackson-module-parameter-names\2.9.8\jackson-module-parameter-names-2.9.8.jar;C:\Users\Crescent\.m2\repository\org\springframework\boot\spring-boot-starter-tomcat\2.0.8.RELEASE\spring-boot-starter-tomcat-2.0.8.RELEASE.jar;C:\Users\Crescent\.m2\repository\org\apache\tomcat\embed\tomcat-embed-core\8.5.37\tomcat-embed-core-8.5.37.jar;C:\Users\Crescent\.m2\repository\org\apache\tomcat\embed\tomcat-embed-el\8.5.37\tomcat-embed-el-8.5.37.jar;C:\Users\Crescent\.m2\repository\org\apache\tomcat\embed\tomcat-embed-websocket\8.5.37\tomcat-embed-websocket-8.5.37.jar;C:\Users\Crescent\.m2\repository\org\hibernate\validator\hibernate-validator\6.0.14.Final\hibernate-validator-6.0.14.Final.jar;C:\Users\Crescent\.m2\repository\javax\validation\validation-api\2.0.1.Final\validation-api-2.0.1.Final.jar;C:\Users\Crescent\.m2\repository\org\jboss\logging\jboss-logging\3.3.2.Final\jboss-logging-3.3.2.Final.jar;C:\Users\Crescent\.m2\repository\org\springframework\spring-web\5.0.12.RELEASE\spring-web-5.0.12.RELEASE.jar;C:\Users\Crescent\.m2\repository\org\springframework\spring-beans\5.0.12.RELEASE\spring-beans-5.0.12.RELEASE.jar;C:\Users\Crescent\.m2\repository\org\springframework\spring-webmvc\5.0.12.RELEASE\spring-webmvc-5.0.12.RELEASE.jar;C:\Users\Crescent\.m2\repository\org\springframework\spring-aop\5.0.12.RELEASE\spring-aop-5.0.12.RELEASE.jar;C:\Users\Crescent\.m2\repository\org\springframework\spring-expression\5.0.12.RELEASE\spring-expression-5.0.12.RELEASE.jar;C:\Users\Crescent\.m2\repository\org\springframework\boot\spring-boot-starter-data-jpa\2.0.8.RELEASE\spring-boot-starter-data-jpa-2.0.8.RELEASE.jar;C:\Users\Crescent\.m2\repository\org\springframework\boot\spring-boot-starter-aop\2.0.8.RELEASE\spring-boot-starter-aop-2.0.8.RELEASE.jar;C:\Users\Crescent\.m2\repository\org\aspectj\aspectjweaver\1.8.13\aspectjweaver-1.8.13.jar;C:\Users\Crescent\.m2\repository\org\springframework\boot\spring-boot-starter-jdbc\2.0.8.RELEASE\spring-boot-starter-jdbc-2.0.8.RELEASE.jar;C:\Users\Crescent\.m2\repository\com\zaxxer\HikariCP\2.7.9\HikariCP-2.7.9.jar;C:\Users\Crescent\.m2\repository\org\springframework\spring-jdbc\5.0.12.RELEASE\spring-jdbc-5.0.12.RELEASE.jar;C:\Users\Crescent\.m2\repository\javax\transaction\javax.transaction-api\1.2\javax.transaction-api-1.2.jar;C:\Users\Crescent\.m2\repository\org\hibernate\hibernate-core\5.2.17.Final\hibernate-core-5.2.17.Final.jar;C:\Users\Crescent\.m2\repository\org\hibernate\javax\persistence\hibernate-jpa-2.1-api\1.0.2.Final\hibernate-jpa-2.1-api-1.0.2.Final.jar;C:\Users\Crescent\.m2\repository\org\javassist\javassist\3.22.0-GA\javassist-3.22.0-GA.jar;C:\Users\Crescent\.m2\repository\antlr\antlr\2.7.7\antlr-2.7.7.jar;C:\Users\Crescent\.m2\repository\org\jboss\jandex\2.0.3.Final\jandex-2.0.3.Final.jar;C:\Users\Crescent\.m2\repository\dom4j\dom4j\1.6.1\dom4j-1.6.1.jar;C:\Users\Crescent\.m2\repository\org\hibernate\common\hibernate-commons-annotations\5.0.1.Final\hibernate-commons-annotations-5.0.1.Final.jar;C:\Users\Crescent\.m2\repository\org\springframework\data\spring-data-jpa\2.0.13.RELEASE\spring-data-jpa-2.0.13.RELEASE.jar;C:\Users\Crescent\.m2\repository\org\springframework\data\spring-data-commons\2.0.13.RELEASE\spring-data-commons-2.0.13.RELEASE.jar;C:\Users\Crescent\.m2\repository\org\springframework\spring-orm\5.0.12.RELEASE\spring-orm-5.0.12.RELEASE.jar;C:\Users\Crescent\.m2\repository\org\springframework\spring-tx\5.0.12.RELEASE\spring-tx-5.0.12.RELEASE.jar;C:\Users\Crescent\.m2\repository\org\springframework\spring-aspects\5.0.12.RELEASE\spring-aspects-5.0.12.RELEASE.jar;C:\Users\Crescent\.m2\repository\org\springframework\boot\spring-boot-starter-test\2.0.8.RELEASE\spring-boot-starter-test-2.0.8.RELEASE.jar;C:\Users\Crescent\.m2\repository\org\springframework\boot\spring-boot-test\2.0.8.RELEASE\spring-boot-test-2.0.8.RELEASE.jar;C:\Users\Crescent\.m2\repository\org\springframework\boot\spring-boot-test-autoconfigure\2.0.8.RELEASE\spring-boot-test-autoconfigure-2.0.8.RELEASE.jar;C:\Users\Crescent\.m2\repository\com\jayway\jsonpath\json-path\2.4.0\json-path-2.4.0.jar;C:\Users\Crescent\.m2\repository\net\minidev\json-smart\2.3\json-smart-2.3.jar;C:\Users\Crescent\.m2\repository\net\minidev\accessors-smart\1.2\accessors-smart-1.2.jar;C:\Users\Crescent\.m2\repository\org\ow2\asm\asm\5.0.4\asm-5.0.4.jar;C:\Users\Crescent\.m2\repository\junit\junit\4.12\junit-4.12.jar;C:\Users\Crescent\.m2\repository\org\assertj\assertj-core\3.9.1\assertj-core-3.9.1.jar;C:\Users\Crescent\.m2\repository\org\mockito\mockito-core\2.15.0\mockito-core-2.15.0.jar;C:\Users\Crescent\.m2\repository\net\bytebuddy\byte-buddy\1.7.11\byte-buddy-1.7.11.jar;C:\Users\Crescent\.m2\repository\net\bytebuddy\byte-buddy-agent\1.7.11\byte-buddy-agent-1.7.11.jar;C:\Users\Crescent\.m2\repository\org\objenesis\objenesis\2.6\objenesis-2.6.jar;C:\Users\Crescent\.m2\repository\org\hamcrest\hamcrest-core\1.3\hamcrest-core-1.3.jar;C:\Users\Crescent\.m2\repository\org\hamcrest\hamcrest-library\1.3\hamcrest-library-1.3.jar;C:\Users\Crescent\.m2\repository\org\skyscreamer\jsonassert\1.5.0\jsonassert-1.5.0.jar;C:\Users\Crescent\.m2\repository\com\vaadin\external\google\android-json\0.0.20131108.vaadin1\android-json-0.0.20131108.vaadin1.jar;C:\Users\Crescent\.m2\repository\org\springframework\spring-core\5.0.12.RELEASE\spring-core-5.0.12.RELEASE.jar;C:\Users\Crescent\.m2\repository\org\springframework\spring-jcl\5.0.12.RELEASE\spring-jcl-5.0.12.RELEASE.jar;C:\Users\Crescent\.m2\repository\org\springframework\spring-test\5.0.12.RELEASE\spring-test-5.0.12.RELEASE.jar;C:\Users\Crescent\.m2\repository\org\xmlunit\xmlunit-core\2.5.1\xmlunit-core-2.5.1.jar;C:\Users\Crescent\.m2\repository\mysql\mysql-connector-java\5.1.47\mysql-connector-java-5.1.47.jar;C:\Users\Crescent\.m2\repository\javax\servlet\servlet-api\2.5\servlet-api-2.5.jar;C:\Users\Crescent\.m2\repository\io\springfox\springfox-swagger2\2.6.1\springfox-swagger2-2.6.1.jar;C:\Users\Crescent\.m2\repository\io\swagger\swagger-annotations\1.5.10\swagger-annotations-1.5.10.jar;C:\Users\Crescent\.m2\repository\io\swagger\swagger-models\1.5.10\swagger-models-1.5.10.jar;C:\Users\Crescent\.m2\repository\com\fasterxml\jackson\core\jackson-annotations\2.9.0\jackson-annotations-2.9.0.jar;C:\Users\Crescent\.m2\repository\io\springfox\springfox-spi\2.6.1\springfox-spi-2.6.1.jar;C:\Users\Crescent\.m2\repository\io\springfox\springfox-core\2.6.1\springfox-core-2.6.1.jar;C:\Users\Crescent\.m2\repository\io\springfox\springfox-schema\2.6.1\springfox-schema-2.6.1.jar;C:\Users\Crescent\.m2\repository\io\springfox\springfox-swagger-common\2.6.1\springfox-swagger-common-2.6.1.jar;C:\Users\Crescent\.m2\repository\io\springfox\springfox-spring-web\2.6.1\springfox-spring-web-2.6.1.jar;C:\Users\Crescent\.m2\repository\com\google\guava\guava\18.0\guava-18.0.jar;C:\Users\Crescent\.m2\repository\com\fasterxml\classmate\1.3.4\classmate-1.3.4.jar;C:\Users\Crescent\.m2\repository\org\slf4j\slf4j-api\1.7.25\slf4j-api-1.7.25.jar;C:\Users\Crescent\.m2\repository\org\springframework\plugin\spring-plugin-core\1.2.0.RELEASE\spring-plugin-core-1.2.0.RELEASE.jar;C:\Users\Crescent\.m2\repository\org\springframework\plugin\spring-plugin-metadata\1.2.0.RELEASE\spring-plugin-metadata-1.2.0.RELEASE.jar;C:\Users\Crescent\.m2\repository\org\mapstruct\mapstruct\1.0.0.Final\mapstruct-1.0.0.Final.jar;C:\Users\Crescent\.m2\repository\io\springfox\springfox-swagger-ui\2.6.1\springfox-swagger-ui-2.6.1.jar;C:\Users\Crescent\.m2\repository\com\alibaba\fastjson\1.2.47\fastjson-1.2.47.jar;C:\Users\Crescent\.m2\repository\cn\com\yusys\yorms-common\1.0.1\yorms-common-1.0.1.jar;C:\Users\Crescent\.m2\repository\org\apache\hadoop\hadoop-common\3.1.1\hadoop-common-3.1.1.jar;C:\Users\Crescent\.m2\repository\commons-cli\commons-cli\1.2\commons-cli-1.2.jar;C:\Users\Crescent\.m2\repository\org\apache\commons\commons-math3\3.1.1\commons-math3-3.1.1.jar;C:\Users\Crescent\.m2\repository\org\apache\httpcomponents\httpclient\4.5.6\httpclient-4.5.6.jar;C:\Users\Crescent\.m2\repository\commons-codec\commons-codec\1.11\commons-codec-1.11.jar;C:\Users\Crescent\.m2\repository\commons-io\commons-io\2.5\commons-io-2.5.jar;C:\Users\Crescent\.m2\repository\commons-net\commons-net\3.6\commons-net-3.6.jar;C:\Users\Crescent\.m2\repository\commons-collections\commons-collections\3.2.2\commons-collections-3.2.2.jar;C:\Users\Crescent\.m2\repository\javax\servlet\javax.servlet-api\3.1.0\javax.servlet-api-3.1.0.jar;C:\Users\Crescent\.m2\repository\org\eclipse\jetty\jetty-server\9.4.14.v20181114\jetty-server-9.4.14.v20181114.jar;C:\Users\Crescent\.m2\repository\org\eclipse\jetty\jetty-http\9.4.14.v20181114\jetty-http-9.4.14.v20181114.jar;C:\Users\Crescent\.m2\repository\org\eclipse\jetty\jetty-io\9.4.14.v20181114\jetty-io-9.4.14.v20181114.jar;C:\Users\Crescent\.m2\repository\org\eclipse\jetty\jetty-util\9.4.14.v20181114\jetty-util-9.4.14.v20181114.jar;C:\Users\Crescent\.m2\repository\org\eclipse\jetty\jetty-servlet\9.4.14.v20181114\jetty-servlet-9.4.14.v20181114.jar;C:\Users\Crescent\.m2\repository\org\eclipse\jetty\jetty-security\9.4.14.v20181114\jetty-security-9.4.14.v20181114.jar;C:\Users\Crescent\.m2\repository\org\eclipse\jetty\jetty-webapp\9.4.14.v20181114\jetty-webapp-9.4.14.v20181114.jar;C:\Users\Crescent\.m2\repository\org\eclipse\jetty\jetty-xml\9.4.14.v20181114\jetty-xml-9.4.14.v20181114.jar;C:\Users\Crescent\.m2\repository\javax\servlet\jsp\jsp-api\2.1\jsp-api-2.1.jar;C:\Users\Crescent\.m2\repository\com\sun\jersey\jersey-core\1.19.1\jersey-core-1.19.1.jar;C:\Users\Crescent\.m2\repository\javax\ws\rs\jsr311-api\1.1.1\jsr311-api-1.1.1.jar;C:\Users\Crescent\.m2\repository\com\sun\jersey\jersey-servlet\1.19.1\jersey-servlet-1.19.1.jar;C:\Users\Crescent\.m2\repository\com\sun\jersey\jersey-json\1.19\jersey-json-1.19.jar;C:\Users\Crescent\.m2\repository\org\codehaus\jettison\jettison\1.1\jettison-1.1.jar;C:\Users\Crescent\.m2\repository\com\sun\xml\bind\jaxb-impl\2.2.3-1\jaxb-impl-2.2.3-1.jar;C:\Users\Crescent\.m2\repository\javax\xml\bind\jaxb-api\2.3.1\jaxb-api-2.3.1.jar;C:\Users\Crescent\.m2\repository\javax\activation\javax.activation-api\1.2.0\javax.activation-api-1.2.0.jar;C:\Users\Crescent\.m2\repository\org\codehaus\jackson\jackson-core-asl\1.9.2\jackson-core-asl-1.9.2.jar;C:\Users\Crescent\.m2\repository\org\codehaus\jackson\jackson-mapper-asl\1.9.2\jackson-mapper-asl-1.9.2.jar;C:\Users\Crescent\.m2\repository\org\codehaus\jackson\jackson-jaxrs\1.9.2\jackson-jaxrs-1.9.2.jar;C:\Users\Crescent\.m2\repository\org\codehaus\jackson\jackson-xc\1.9.2\jackson-xc-1.9.2.jar;C:\Users\Crescent\.m2\repository\com\sun\jersey\jersey-server\1.19.1\jersey-server-1.19.1.jar;C:\Users\Crescent\.m2\repository\commons-logging\commons-logging\1.1.3\commons-logging-1.1.3.jar;C:\Users\Crescent\.m2\repository\log4j\log4j\1.2.17\log4j-1.2.17.jar;C:\Users\Crescent\.m2\repository\commons-lang\commons-lang\2.6\commons-lang-2.6.jar;C:\Users\Crescent\.m2\repository\commons-beanutils\commons-beanutils\1.9.3\commons-beanutils-1.9.3.jar;C:\Users\Crescent\.m2\repository\org\apache\commons\commons-configuration2\2.1.1\commons-configuration2-2.1.1.jar;C:\Users\Crescent\.m2\repository\org\apache\commons\commons-lang3\3.7\commons-lang3-3.7.jar;C:\Users\Crescent\.m2\repository\org\slf4j\slf4j-log4j12\1.7.25\slf4j-log4j12-1.7.25.jar;C:\Users\Crescent\.m2\repository\org\apache\avro\avro\1.7.7\avro-1.7.7.jar;C:\Users\Crescent\.m2\repository\com\thoughtworks\paranamer\paranamer\2.3\paranamer-2.3.jar;C:\Users\Crescent\.m2\repository\org\xerial\snappy\snappy-java\1.0.5\snappy-java-1.0.5.jar;C:\Users\Crescent\.m2\repository\com\google\re2j\re2j\1.1\re2j-1.1.jar;C:\Users\Crescent\.m2\repository\com\google\protobuf\protobuf-java\2.5.0\protobuf-java-2.5.0.jar;C:\Users\Crescent\.m2\repository\com\google\code\gson\gson\2.8.5\gson-2.8.5.jar;C:\Users\Crescent\.m2\repository\org\apache\hadoop\hadoop-auth\3.1.1\hadoop-auth-3.1.1.jar;C:\Users\Crescent\.m2\repository\com\nimbusds\nimbus-jose-jwt\4.41.1\nimbus-jose-jwt-4.41.1.jar;C:\Users\Crescent\.m2\repository\com\github\stephenc\jcip\jcip-annotations\1.0-1\jcip-annotations-1.0-1.jar;C:\Users\Crescent\.m2\repository\org\apache\curator\curator-framework\4.0.1\curator-framework-4.0.1.jar;C:\Users\Crescent\.m2\repository\com\jcraft\jsch\0.1.54\jsch-0.1.54.jar;C:\Users\Crescent\.m2\repository\org\apache\curator\curator-client\2.12.0\curator-client-2.12.0.jar;C:\Users\Crescent\.m2\repository\org\apache\curator\curator-recipes\4.0.1\curator-recipes-4.0.1.jar;C:\Users\Crescent\.m2\repository\com\google\code\findbugs\jsr305\3.0.0\jsr305-3.0.0.jar;C:\Users\Crescent\.m2\repository\org\apache\htrace\htrace-core4\4.1.0-incubating\htrace-core4-4.1.0-incubating.jar;C:\Users\Crescent\.m2\repository\org\apache\zookeeper\zookeeper\3.4.9\zookeeper-3.4.9.jar;C:\Users\Crescent\.m2\repository\jline\jline\0.9.94\jline-0.9.94.jar;C:\Users\Crescent\.m2\repository\org\apache\commons\commons-compress\1.4.1\commons-compress-1.4.1.jar;C:\Users\Crescent\.m2\repository\org\tukaani\xz\1.0\xz-1.0.jar;C:\Users\Crescent\.m2\repository\org\apache\kerby\kerb-simplekdc\1.0.1\kerb-simplekdc-1.0.1.jar;C:\Users\Crescent\.m2\repository\org\apache\kerby\kerb-client\1.0.1\kerb-client-1.0.1.jar;C:\Users\Crescent\.m2\repository\org\apache\kerby\kerby-config\1.0.1\kerby-config-1.0.1.jar;C:\Users\Crescent\.m2\repository\org\apache\kerby\kerb-core\1.0.1\kerb-core-1.0.1.jar;C:\Users\Crescent\.m2\repository\org\apache\kerby\kerby-pkix\1.0.1\kerby-pkix-1.0.1.jar;C:\Users\Crescent\.m2\repository\org\apache\kerby\kerby-asn1\1.0.1\kerby-asn1-1.0.1.jar;C:\Users\Crescent\.m2\repository\org\apache\kerby\kerby-util\1.0.1\kerby-util-1.0.1.jar;C:\Users\Crescent\.m2\repository\org\apache\kerby\kerb-common\1.0.1\kerb-common-1.0.1.jar;C:\Users\Crescent\.m2\repository\org\apache\kerby\kerb-crypto\1.0.1\kerb-crypto-1.0.1.jar;C:\Users\Crescent\.m2\repository\org\apache\kerby\kerb-util\1.0.1\kerb-util-1.0.1.jar;C:\Users\Crescent\.m2\repository\org\apache\kerby\token-provider\1.0.1\token-provider-1.0.1.jar;C:\Users\Crescent\.m2\repository\org\apache\kerby\kerb-admin\1.0.1\kerb-admin-1.0.1.jar;C:\Users\Crescent\.m2\repository\org\apache\kerby\kerb-server\1.0.1\kerb-server-1.0.1.jar;C:\Users\Crescent\.m2\repository\org\apache\kerby\kerb-identity\1.0.1\kerb-identity-1.0.1.jar;C:\Users\Crescent\.m2\repository\org\apache\kerby\kerby-xdr\1.0.1\kerby-xdr-1.0.1.jar;C:\Users\Crescent\.m2\repository\org\codehaus\woodstox\stax2-api\3.1.4\stax2-api-3.1.4.jar;C:\Users\Crescent\.m2\repository\com\fasterxml\woodstox\woodstox-core\5.0.3\woodstox-core-5.0.3.jar;C:\Users\Crescent\.m2\repository\org\apache\hadoop\hadoop-hdfs\3.1.1\hadoop-hdfs-3.1.1.jar;C:\Users\Crescent\.m2\repository\org\eclipse\jetty\jetty-util-ajax\9.4.14.v20181114\jetty-util-ajax-9.4.14.v20181114.jar;C:\Users\Crescent\.m2\repository\commons-daemon\commons-daemon\1.0.13\commons-daemon-1.0.13.jar;C:\Users\Crescent\.m2\repository\io\netty\netty\3.10.5.Final\netty-3.10.5.Final.jar;C:\Users\Crescent\.m2\repository\io\netty\netty-all\4.1.31.Final\netty-all-4.1.31.Final.jar;C:\Users\Crescent\.m2\repository\org\fusesource\leveldbjni\leveldbjni-all\1.8\leveldbjni-all-1.8.jar;C:\Users\Crescent\.m2\repository\org\apache\hadoop\hadoop-hdfs-client\3.1.1\hadoop-hdfs-client-3.1.1.jar;C:\Users\Crescent\.m2\repository\com\squareup\okhttp\okhttp\2.7.5\okhttp-2.7.5.jar;C:\Users\Crescent\.m2\repository\com\squareup\okio\okio\1.6.0\okio-1.6.0.jar;C:\Users\Crescent\.m2\repository\org\apache\hadoop\hadoop-annotations\3.1.1\hadoop-annotations-3.1.1.jar;C:\Program Files\Java\jdk1.8.0_172\jre\..\lib\tools.jar;C:\Users\Crescent\.m2\repository\org\springframework\cloud\spring-cloud-starter-consul-discovery\2.0.2.RELEASE\spring-cloud-starter-consul-discovery-2.0.2.RELEASE.jar;C:\Users\Crescent\.m2\repository\org\springframework\cloud\spring-cloud-starter-consul\2.0.1.RELEASE\spring-cloud-starter-consul-2.0.1.RELEASE.jar;C:\Users\Crescent\.m2\repository\org\springframework\cloud\spring-cloud-context\2.0.2.RELEASE\spring-cloud-context-2.0.2.RELEASE.jar;C:\Users\Crescent\.m2\repository\org\springframework\cloud\spring-cloud-consul-core\2.0.1.RELEASE\spring-cloud-consul-core-2.0.1.RELEASE.jar;C:\Users\Crescent\.m2\repository\com\ecwid\consul\consul-api\1.3.1\consul-api-1.3.1.jar;C:\Users\Crescent\.m2\repository\org\apache\httpcomponents\httpcore\4.4.10\httpcore-4.4.10.jar;C:\Users\Crescent\.m2\repository\org\springframework\cloud\spring-cloud-consul-discovery\2.0.1.RELEASE\spring-cloud-consul-discovery-2.0.1.RELEASE.jar;C:\Users\Crescent\.m2\repository\commons-configuration\commons-configuration\1.8\commons-configuration-1.8.jar;C:\Users\Crescent\.m2\repository\org\springframework\cloud\spring-cloud-netflix-core\2.0.2.RELEASE\spring-cloud-netflix-core-2.0.2.RELEASE.jar;C:\Users\Crescent\.m2\repository\org\springframework\cloud\spring-cloud-starter-netflix-ribbon\2.0.2.RELEASE\spring-cloud-starter-netflix-ribbon-2.0.2.RELEASE.jar;C:\Users\Crescent\.m2\repository\org\springframework\cloud\spring-cloud-netflix-ribbon\2.0.2.RELEASE\spring-cloud-netflix-ribbon-2.0.2.RELEASE.jar;C:\Users\Crescent\.m2\repository\org\springframework\cloud\spring-cloud-netflix-archaius\2.0.2.RELEASE\spring-cloud-netflix-archaius-2.0.2.RELEASE.jar;C:\Users\Crescent\.m2\repository\org\springframework\cloud\spring-cloud-starter-netflix-archaius\2.0.2.RELEASE\spring-cloud-starter-netflix-archaius-2.0.2.RELEASE.jar;C:\Users\Crescent\.m2\repository\com\netflix\ribbon\ribbon\2.2.5\ribbon-2.2.5.jar;C:\Users\Crescent\.m2\repository\com\netflix\ribbon\ribbon-transport\2.2.5\ribbon-transport-2.2.5.jar;C:\Users\Crescent\.m2\repository\io\reactivex\rxnetty-contexts\0.4.9\rxnetty-contexts-0.4.9.jar;C:\Users\Crescent\.m2\repository\io\reactivex\rxnetty-servo\0.4.9\rxnetty-servo-0.4.9.jar;C:\Users\Crescent\.m2\repository\javax\inject\javax.inject\1\javax.inject-1.jar;C:\Users\Crescent\.m2\repository\io\reactivex\rxnetty\0.4.9\rxnetty-0.4.9.jar;C:\Users\Crescent\.m2\repository\com\netflix\ribbon\ribbon-core\2.2.5\ribbon-core-2.2.5.jar;C:\Users\Crescent\.m2\repository\com\netflix\ribbon\ribbon-httpclient\2.2.5\ribbon-httpclient-2.2.5.jar;C:\Users\Crescent\.m2\repository\com\sun\jersey\jersey-client\1.19.1\jersey-client-1.19.1.jar;C:\Users\Crescent\.m2\repository\com\sun\jersey\contribs\jersey-apache-client4\1.19.1\jersey-apache-client4-1.19.1.jar;C:\Users\Crescent\.m2\repository\com\netflix\servo\servo-core\0.12.21\servo-core-0.12.21.jar;C:\Users\Crescent\.m2\repository\com\netflix\netflix-commons\netflix-commons-util\0.3.0\netflix-commons-util-0.3.0.jar;C:\Users\Crescent\.m2\repository\com\netflix\ribbon\ribbon-loadbalancer\2.2.5\ribbon-loadbalancer-2.2.5.jar;C:\Users\Crescent\.m2\repository\com\netflix\netflix-commons\netflix-statistics\0.1.1\netflix-statistics-0.1.1.jar;C:\Users\Crescent\.m2\repository\io\reactivex\rxjava\1.3.8\rxjava-1.3.8.jar;C:\Users\Crescent\.m2\repository\joda-time\joda-time\2.9.9\joda-time-2.9.9.jar;C:\Users\Crescent\.m2\repository\org\springframework\cloud\spring-cloud-starter-consul-config\2.0.2.RELEASE\spring-cloud-starter-consul-config-2.0.2.RELEASE.jar;C:\Users\Crescent\.m2\repository\org\springframework\cloud\spring-cloud-consul-config\2.0.1.RELEASE\spring-cloud-consul-config-2.0.1.RELEASE.jar;C:\Users\Crescent\.m2\repository\org\springframework\cloud\spring-cloud-starter-feign\1.4.7.RELEASE\spring-cloud-starter-feign-1.4.7.RELEASE.jar;C:\Users\Crescent\.m2\repository\org\springframework\cloud\spring-cloud-starter-openfeign\2.0.2.RELEASE\spring-cloud-starter-openfeign-2.0.2.RELEASE.jar;C:\Users\Crescent\.m2\repository\org\springframework\cloud\spring-cloud-starter\2.0.2.RELEASE\spring-cloud-starter-2.0.2.RELEASE.jar;C:\Users\Crescent\.m2\repository\org\springframework\security\spring-security-rsa\1.0.7.RELEASE\spring-security-rsa-1.0.7.RELEASE.jar;C:\Users\Crescent\.m2\repository\org\bouncycastle\bcpkix-jdk15on\1.60\bcpkix-jdk15on-1.60.jar;C:\Users\Crescent\.m2\repository\org\bouncycastle\bcprov-jdk15on\1.60\bcprov-jdk15on-1.60.jar;C:\Users\Crescent\.m2\repository\org\springframework\cloud\spring-cloud-openfeign-core\2.0.2.RELEASE\spring-cloud-openfeign-core-2.0.2.RELEASE.jar;C:\Users\Crescent\.m2\repository\io\github\openfeign\form\feign-form-spring\3.3.0\feign-form-spring-3.3.0.jar;C:\Users\Crescent\.m2\repository\io\github\openfeign\form\feign-form\3.3.0\feign-form-3.3.0.jar;C:\Users\Crescent\.m2\repository\com\google\code\findbugs\annotations\3.0.1\annotations-3.0.1.jar;C:\Users\Crescent\.m2\repository\net\jcip\jcip-annotations\1.0\jcip-annotations-1.0.jar;C:\Users\Crescent\.m2\repository\commons-fileupload\commons-fileupload\1.3.3\commons-fileupload-1.3.3.jar;C:\Users\Crescent\.m2\repository\org\springframework\cloud\spring-cloud-commons\2.0.2.RELEASE\spring-cloud-commons-2.0.2.RELEASE.jar;C:\Users\Crescent\.m2\repository\org\springframework\security\spring-security-crypto\5.0.11.RELEASE\spring-security-crypto-5.0.11.RELEASE.jar;C:\Users\Crescent\.m2\repository\io\github\openfeign\feign-core\9.7.0\feign-core-9.7.0.jar;C:\Users\Crescent\.m2\repository\io\github\openfeign\feign-slf4j\9.7.0\feign-slf4j-9.7.0.jar;C:\Users\Crescent\.m2\repository\io\github\openfeign\feign-hystrix\9.7.0\feign-hystrix-9.7.0.jar;C:\Users\Crescent\.m2\repository\com\netflix\archaius\archaius-core\0.7.6\archaius-core-0.7.6.jar;C:\Users\Crescent\.m2\repository\com\netflix\hystrix\hystrix-core\1.5.12\hystrix-core-1.5.12.jar;C:\Users\Crescent\.m2\repository\io\github\openfeign\feign-java8\9.7.0\feign-java8-9.7.0.jar;"/>
    <property name="sun.cpu.endian" value="little"/>
    <property name="user.home" value="C:\Users\Crescent"/>
    <property name="user.language" value="zh"/>
    <property name="java.specification.vendor" value="Oracle Corporation"/>
    <property name="java.home" value="C:\Program Files\Java\jdk1.8.0_172\jre"/>
    <property name="basedir" value="D:\Git\yorms\yorms\yorms-parent\yorms-oca"/>
    <property name="file.separator" value="\"/>
    <property name="line.separator" value="&#10;"/>
    <property name="java.vm.specification.vendor" value="Oracle Corporation"/>
    <property name="java.specification.name" value="Java Platform API Specification"/>
    <property name="java.awt.graphicsenv" value="sun.awt.Win32GraphicsEnvironment"/>
    <property name="surefire.real.class.path" value="C:\Users\Crescent\AppData\Local\Temp\surefire6214490081638745903\surefirebooter2425328429364390954.jar"/>
    <property name="sun.boot.class.path" value="C:\Program Files\Java\jdk1.8.0_172\jre\lib\resources.jar;C:\Program Files\Java\jdk1.8.0_172\jre\lib\rt.jar;C:\Program Files\Java\jdk1.8.0_172\jre\lib\sunrsasign.jar;C:\Program Files\Java\jdk1.8.0_172\jre\lib\jsse.jar;C:\Program Files\Java\jdk1.8.0_172\jre\lib\jce.jar;C:\Program Files\Java\jdk1.8.0_172\jre\lib\charsets.jar;C:\Program Files\Java\jdk1.8.0_172\jre\lib\jfr.jar;C:\Program Files\Java\jdk1.8.0_172\jre\classes"/>
    <property name="user.script" value=""/>
    <property name="sun.management.compiler" value="HotSpot 64-Bit Tiered Compilers"/>
    <property name="java.runtime.version" value="1.8.0_172-b11"/>
    <property name="user.name" value="Crescent"/>
    <property name="path.separator" value=";"/>
    <property name="os.version" value="10.0"/>
    <property name="java.endorsed.dirs" value="C:\Program Files\Java\jdk1.8.0_172\jre\lib\endorsed"/>
    <property name="java.runtime.name" value="Java(TM) SE Runtime Environment"/>
    <property name="file.encoding" value="GBK"/>
    <property name="java.vm.name" value="Java HotSpot(TM) 64-Bit Server VM"/>
    <property name="localRepository" value="C:\Users\Crescent\.m2\repository"/>
    <property name="java.vendor.url.bug" value="http://bugreport.sun.com/bugreport/"/>
    <property name="java.io.tmpdir" value="C:\Users\Crescent\AppData\Local\Temp\"/>
    <property name="java.version" value="1.8.0_172"/>
    <property name="user.dir" value="D:\Git\yorms\yorms\yorms-parent\yorms-oca"/>
    <property name="os.arch" value="amd64"/>
    <property name="java.vm.specification.name" value="Java Virtual Machine Specification"/>
    <property name="java.awt.printerjob" value="sun.awt.windows.WPrinterJob"/>
    <property name="sun.os.patch.level" value=""/>
    <property name="java.library.path" value="C:\Program Files\Java\jdk1.8.0_172\jre\bin;C:\WINDOWS\Sun\Java\bin;C:\WINDOWS\system32;C:\WINDOWS;C:/Program Files/Java/jdk1.8.0_172/bin/../jre/bin/server;C:/Program Files/Java/jdk1.8.0_172/bin/../jre/bin;C:/Program Files/Java/jdk1.8.0_172/bin/../jre/lib/amd64;D:\Oracle11g\product\11.2.0\dbhome_1\bin;D:\Oracle11g\product\11.2.0\client_1;C:\Program Files (x86)\Common Files\Oracle\Java\javapath;C:\Program Files (x86)\Intel\Intel(R) Management Engine Components\iCLS\;C:\Program Files\Intel\Intel(R) Management Engine Components\iCLS\;C:\Windows\system32;C:\Windows;C:\Windows\System32\Wbem;C:\Windows\System32\WindowsPowerShell\v1.0\;C:\Program Files (x86)\NVIDIA Corporation\PhysX\Common;C:\Program Files (x86)\Intel\Intel(R) Management Engine Components\DAL;C:\Program Files\Intel\Intel(R) Management Engine Components\DAL;C:\Program Files (x86)\Intel\Intel(R) Management Engine Components\IPT;C:\Program Files\Intel\Intel(R) Management Engine Components\IPT;C:\Program Files\Intel\WiFi\bin\;C:\Program Files\Common Files\Intel\WirelessCommon\;C:\Program Files\MySQL\MySQL Utilities 1.6\;C:\WINDOWS\system32;C:\WINDOWS;C:\WINDOWS\System32\Wbem;C:\WINDOWS\System32\WindowsPowerShell\v1.0\;C:\WINDOWS\System32\OpenSSH\;C:\Program Files\NVIDIA Corporation\NVIDIA NvDLISR;C:\Program Files (x86)\VIVID;D:\Software\apache-maven-3.2.5\bin;D:\My Program Files\Git\cmd;C:\Users\Crescent\AppData\Local\Microsoft\WindowsApps;;C:\Users\Crescent\Desktop;;."/>
    <property name="java.vm.info" value="mixed mode"/>
    <property name="java.vendor" value="Oracle Corporation"/>
    <property name="java.vm.version" value="25.172-b11"/>
    <property name="java.ext.dirs" value="C:\Program Files\Java\jdk1.8.0_172\jre\lib\ext;C:\WINDOWS\Sun\Java\lib\ext"/>
    <property name="sun.io.unicode.encoding" value="UnicodeLittle"/>
    <property name="java.class.version" value="52.0"/>
  </properties>
  <testcase name="testApp" classname="cn.com.yusys.oca.AppTest" time="0.003"/>
</testsuite>