<?xml version="1.0" encoding="UTF-8"?>
<testsuite xmlns:xsi="http://www.w3.org/2001/XMLSchema-instance" xsi:noNamespaceSchemaLocation="https://maven.apache.org/surefire/maven-surefire-plugin/xsd/surefire-test-report.xsd" name="cn.com.yusys.activiti.ActivitiTest" time="40.777" tests="2" errors="0" skipped="0" failures="0">
  <properties>
    <property name="sun.desktop" value="windows"/>
    <property name="awt.toolkit" value="sun.awt.windows.WToolkit"/>
    <property name="file.encoding.pkg" value="sun.io"/>
    <property name="java.specification.version" value="1.8"/>
    <property name="sun.cpu.isalist" value="amd64"/>
    <property name="sun.jnu.encoding" value="GBK"/>
    <property name="java.class.path" value="E:\运维风险管控\test\yorms\YORMS\yorms-activity\target\test-classes;E:\运维风险管控\test\yorms\YORMS\yorms-activity\target\classes;D:\repository\org\springframework\boot\spring-boot-starter-actuator\2.0.8.RELEASE\spring-boot-starter-actuator-2.0.8.RELEASE.jar;D:\repository\org\springframework\boot\spring-boot-starter\2.0.8.RELEASE\spring-boot-starter-2.0.8.RELEASE.jar;D:\repository\org\springframework\boot\spring-boot-starter-logging\2.0.8.RELEASE\spring-boot-starter-logging-2.0.8.RELEASE.jar;D:\repository\ch\qos\logback\logback-classic\1.2.3\logback-classic-1.2.3.jar;D:\repository\ch\qos\logback\logback-core\1.2.3\logback-core-1.2.3.jar;D:\repository\org\apache\logging\log4j\log4j-to-slf4j\2.10.0\log4j-to-slf4j-2.10.0.jar;D:\repository\org\apache\logging\log4j\log4j-api\2.10.0\log4j-api-2.10.0.jar;D:\repository\org\slf4j\jul-to-slf4j\1.7.25\jul-to-slf4j-1.7.25.jar;D:\repository\javax\annotation\javax.annotation-api\1.3.2\javax.annotation-api-1.3.2.jar;D:\repository\org\yaml\snakeyaml\1.19\snakeyaml-1.19.jar;D:\repository\org\springframework\boot\spring-boot-actuator-autoconfigure\2.0.8.RELEASE\spring-boot-actuator-autoconfigure-2.0.8.RELEASE.jar;D:\repository\org\springframework\boot\spring-boot-actuator\2.0.8.RELEASE\spring-boot-actuator-2.0.8.RELEASE.jar;D:\repository\com\fasterxml\jackson\datatype\jackson-datatype-jsr310\2.9.8\jackson-datatype-jsr310-2.9.8.jar;D:\repository\io\micrometer\micrometer-core\1.0.9\micrometer-core-1.0.9.jar;D:\repository\org\hdrhistogram\HdrHistogram\2.1.10\HdrHistogram-2.1.10.jar;D:\repository\org\latencyutils\LatencyUtils\2.0.3\LatencyUtils-2.0.3.jar;D:\repository\org\springframework\boot\spring-boot-starter-web\2.0.8.RELEASE\spring-boot-starter-web-2.0.8.RELEASE.jar;D:\repository\org\springframework\boot\spring-boot-starter-json\2.0.8.RELEASE\spring-boot-starter-json-2.0.8.RELEASE.jar;D:\repository\com\fasterxml\jackson\datatype\jackson-datatype-jdk8\2.9.8\jackson-datatype-jdk8-2.9.8.jar;D:\repository\com\fasterxml\jackson\module\jackson-module-parameter-names\2.9.8\jackson-module-parameter-names-2.9.8.jar;D:\repository\org\springframework\boot\spring-boot-starter-tomcat\2.0.8.RELEASE\spring-boot-starter-tomcat-2.0.8.RELEASE.jar;D:\repository\org\apache\tomcat\embed\tomcat-embed-core\8.5.37\tomcat-embed-core-8.5.37.jar;D:\repository\org\apache\tomcat\embed\tomcat-embed-el\8.5.37\tomcat-embed-el-8.5.37.jar;D:\repository\org\apache\tomcat\embed\tomcat-embed-websocket\8.5.37\tomcat-embed-websocket-8.5.37.jar;D:\repository\org\hibernate\validator\hibernate-validator\6.0.14.Final\hibernate-validator-6.0.14.Final.jar;D:\repository\javax\validation\validation-api\2.0.1.Final\validation-api-2.0.1.Final.jar;D:\repository\org\jboss\logging\jboss-logging\3.3.2.Final\jboss-logging-3.3.2.Final.jar;D:\repository\org\springframework\spring-web\5.0.12.RELEASE\spring-web-5.0.12.RELEASE.jar;D:\repository\org\springframework\spring-webmvc\5.0.12.RELEASE\spring-webmvc-5.0.12.RELEASE.jar;D:\repository\org\springframework\spring-expression\5.0.12.RELEASE\spring-expression-5.0.12.RELEASE.jar;D:\repository\org\springframework\boot\spring-boot-starter-test\2.0.8.RELEASE\spring-boot-starter-test-2.0.8.RELEASE.jar;D:\repository\org\springframework\boot\spring-boot-test\2.0.8.RELEASE\spring-boot-test-2.0.8.RELEASE.jar;D:\repository\org\springframework\boot\spring-boot-test-autoconfigure\2.0.8.RELEASE\spring-boot-test-autoconfigure-2.0.8.RELEASE.jar;D:\repository\com\jayway\jsonpath\json-path\2.4.0\json-path-2.4.0.jar;D:\repository\net\minidev\json-smart\2.3\json-smart-2.3.jar;D:\repository\net\minidev\accessors-smart\1.2\accessors-smart-1.2.jar;D:\repository\org\ow2\asm\asm\5.0.4\asm-5.0.4.jar;D:\repository\junit\junit\4.12\junit-4.12.jar;D:\repository\org\assertj\assertj-core\3.9.1\assertj-core-3.9.1.jar;D:\repository\org\mockito\mockito-core\2.15.0\mockito-core-2.15.0.jar;D:\repository\net\bytebuddy\byte-buddy\1.7.11\byte-buddy-1.7.11.jar;D:\repository\net\bytebuddy\byte-buddy-agent\1.7.11\byte-buddy-agent-1.7.11.jar;D:\repository\org\objenesis\objenesis\2.6\objenesis-2.6.jar;D:\repository\org\hamcrest\hamcrest-core\1.3\hamcrest-core-1.3.jar;D:\repository\org\hamcrest\hamcrest-library\1.3\hamcrest-library-1.3.jar;D:\repository\org\skyscreamer\jsonassert\1.5.0\jsonassert-1.5.0.jar;D:\repository\com\vaadin\external\google\android-json\0.0.20131108.vaadin1\android-json-0.0.20131108.vaadin1.jar;D:\repository\org\springframework\spring-core\5.0.12.RELEASE\spring-core-5.0.12.RELEASE.jar;D:\repository\org\springframework\spring-jcl\5.0.12.RELEASE\spring-jcl-5.0.12.RELEASE.jar;D:\repository\org\springframework\spring-test\5.0.12.RELEASE\spring-test-5.0.12.RELEASE.jar;D:\repository\org\xmlunit\xmlunit-core\2.5.1\xmlunit-core-2.5.1.jar;D:\repository\io\springfox\springfox-swagger2\2.6.1\springfox-swagger2-2.6.1.jar;D:\repository\io\swagger\swagger-annotations\1.5.10\swagger-annotations-1.5.10.jar;D:\repository\io\swagger\swagger-models\1.5.10\swagger-models-1.5.10.jar;D:\repository\io\springfox\springfox-spi\2.6.1\springfox-spi-2.6.1.jar;D:\repository\io\springfox\springfox-core\2.6.1\springfox-core-2.6.1.jar;D:\repository\io\springfox\springfox-schema\2.6.1\springfox-schema-2.6.1.jar;D:\repository\io\springfox\springfox-swagger-common\2.6.1\springfox-swagger-common-2.6.1.jar;D:\repository\io\springfox\springfox-spring-web\2.6.1\springfox-spring-web-2.6.1.jar;D:\repository\com\google\guava\guava\18.0\guava-18.0.jar;D:\repository\com\fasterxml\classmate\1.3.4\classmate-1.3.4.jar;D:\repository\org\slf4j\slf4j-api\1.7.25\slf4j-api-1.7.25.jar;D:\repository\org\springframework\plugin\spring-plugin-core\1.2.0.RELEASE\spring-plugin-core-1.2.0.RELEASE.jar;D:\repository\org\springframework\plugin\spring-plugin-metadata\1.2.0.RELEASE\spring-plugin-metadata-1.2.0.RELEASE.jar;D:\repository\org\mapstruct\mapstruct\1.0.0.Final\mapstruct-1.0.0.Final.jar;D:\repository\io\springfox\springfox-swagger-ui\2.6.1\springfox-swagger-ui-2.6.1.jar;D:\repository\javax\servlet\servlet-api\2.5\servlet-api-2.5.jar;D:\repository\org\springframework\cloud\spring-cloud-starter-consul-discovery\2.0.2.RELEASE\spring-cloud-starter-consul-discovery-2.0.2.RELEASE.jar;D:\repository\org\springframework\cloud\spring-cloud-starter-consul\2.0.2.RELEASE\spring-cloud-starter-consul-2.0.2.RELEASE.jar;D:\repository\org\springframework\cloud\spring-cloud-commons\2.0.3.RELEASE\spring-cloud-commons-2.0.3.RELEASE.jar;D:\repository\org\springframework\security\spring-security-crypto\5.0.11.RELEASE\spring-security-crypto-5.0.11.RELEASE.jar;D:\repository\org\springframework\cloud\spring-cloud-context\2.0.3.RELEASE\spring-cloud-context-2.0.3.RELEASE.jar;D:\repository\org\springframework\cloud\spring-cloud-consul-core\2.0.2.RELEASE\spring-cloud-consul-core-2.0.2.RELEASE.jar;D:\repository\com\ecwid\consul\consul-api\1.3.1\consul-api-1.3.1.jar;D:\repository\com\google\code\gson\gson\2.8.5\gson-2.8.5.jar;D:\repository\org\apache\httpcomponents\httpclient\4.5.6\httpclient-4.5.6.jar;D:\repository\commons-codec\commons-codec\1.11\commons-codec-1.11.jar;D:\repository\org\apache\httpcomponents\httpcore\4.4.10\httpcore-4.4.10.jar;D:\repository\org\springframework\cloud\spring-cloud-consul-discovery\2.0.2.RELEASE\spring-cloud-consul-discovery-2.0.2.RELEASE.jar;D:\repository\commons-configuration\commons-configuration\1.8\commons-configuration-1.8.jar;D:\repository\commons-lang\commons-lang\2.6\commons-lang-2.6.jar;D:\repository\org\springframework\cloud\spring-cloud-netflix-core\2.0.3.RELEASE\spring-cloud-netflix-core-2.0.3.RELEASE.jar;D:\repository\org\springframework\cloud\spring-cloud-starter-netflix-ribbon\2.0.3.RELEASE\spring-cloud-starter-netflix-ribbon-2.0.3.RELEASE.jar;D:\repository\org\springframework\cloud\spring-cloud-starter\2.0.3.RELEASE\spring-cloud-starter-2.0.3.RELEASE.jar;D:\repository\org\springframework\security\spring-security-rsa\1.0.7.RELEASE\spring-security-rsa-1.0.7.RELEASE.jar;D:\repository\org\bouncycastle\bcpkix-jdk15on\1.60\bcpkix-jdk15on-1.60.jar;D:\repository\org\bouncycastle\bcprov-jdk15on\1.60\bcprov-jdk15on-1.60.jar;D:\repository\org\springframework\cloud\spring-cloud-netflix-ribbon\2.0.3.RELEASE\spring-cloud-netflix-ribbon-2.0.3.RELEASE.jar;D:\repository\org\springframework\cloud\spring-cloud-netflix-archaius\2.0.3.RELEASE\spring-cloud-netflix-archaius-2.0.3.RELEASE.jar;D:\repository\org\springframework\cloud\spring-cloud-starter-netflix-archaius\2.0.3.RELEASE\spring-cloud-starter-netflix-archaius-2.0.3.RELEASE.jar;D:\repository\com\netflix\archaius\archaius-core\0.7.6\archaius-core-0.7.6.jar;D:\repository\com\google\code\findbugs\jsr305\3.0.1\jsr305-3.0.1.jar;D:\repository\com\netflix\ribbon\ribbon\2.2.5\ribbon-2.2.5.jar;D:\repository\com\netflix\ribbon\ribbon-transport\2.2.5\ribbon-transport-2.2.5.jar;D:\repository\io\reactivex\rxnetty-contexts\0.4.9\rxnetty-contexts-0.4.9.jar;D:\repository\io\reactivex\rxnetty-servo\0.4.9\rxnetty-servo-0.4.9.jar;D:\repository\com\netflix\hystrix\hystrix-core\1.4.3\hystrix-core-1.4.3.jar;D:\repository\javax\inject\javax.inject\1\javax.inject-1.jar;D:\repository\io\reactivex\rxnetty\0.4.9\rxnetty-0.4.9.jar;D:\repository\com\netflix\ribbon\ribbon-core\2.2.5\ribbon-core-2.2.5.jar;D:\repository\com\netflix\ribbon\ribbon-httpclient\2.2.5\ribbon-httpclient-2.2.5.jar;D:\repository\commons-collections\commons-collections\3.2.2\commons-collections-3.2.2.jar;D:\repository\com\sun\jersey\jersey-client\1.19.1\jersey-client-1.19.1.jar;D:\repository\com\sun\jersey\jersey-core\1.19.1\jersey-core-1.19.1.jar;D:\repository\javax\ws\rs\jsr311-api\1.1.1\jsr311-api-1.1.1.jar;D:\repository\com\sun\jersey\contribs\jersey-apache-client4\1.19.1\jersey-apache-client4-1.19.1.jar;D:\repository\com\netflix\servo\servo-core\0.10.1\servo-core-0.10.1.jar;D:\repository\com\netflix\servo\servo-internal\0.10.1\servo-internal-0.10.1.jar;D:\repository\com\netflix\netflix-commons\netflix-commons-util\0.1.1\netflix-commons-util-0.1.1.jar;D:\repository\com\netflix\ribbon\ribbon-loadbalancer\2.2.5\ribbon-loadbalancer-2.2.5.jar;D:\repository\com\netflix\netflix-commons\netflix-statistics\0.1.1\netflix-statistics-0.1.1.jar;D:\repository\io\reactivex\rxjava\1.3.8\rxjava-1.3.8.jar;D:\repository\joda-time\joda-time\2.9.9\joda-time-2.9.9.jar;D:\repository\org\springframework\cloud\spring-cloud-starter-consul-config\2.0.2.RELEASE\spring-cloud-starter-consul-config-2.0.2.RELEASE.jar;D:\repository\org\springframework\cloud\spring-cloud-consul-config\2.0.2.RELEASE\spring-cloud-consul-config-2.0.2.RELEASE.jar;D:\repository\org\activiti\activiti-spring-boot-starter-basic\5.22.0\activiti-spring-boot-starter-basic-5.22.0.jar;D:\repository\org\activiti\activiti-engine\5.22.0\activiti-engine-5.22.0.jar;D:\repository\org\activiti\activiti-bpmn-converter\5.22.0\activiti-bpmn-converter-5.22.0.jar;D:\repository\org\activiti\activiti-bpmn-model\5.22.0\activiti-bpmn-model-5.22.0.jar;D:\repository\org\activiti\activiti-process-validation\5.22.0\activiti-process-validation-5.22.0.jar;D:\repository\org\activiti\activiti-image-generator\5.22.0\activiti-image-generator-5.22.0.jar;D:\repository\org\apache\commons\commons-email\1.4\commons-email-1.4.jar;D:\repository\com\sun\mail\javax.mail\1.6.2\javax.mail-1.6.2.jar;D:\repository\javax\activation\activation\1.1.1\activation-1.1.1.jar;D:\repository\org\apache\commons\commons-lang3\3.7\commons-lang3-3.7.jar;D:\repository\org\springframework\spring-beans\5.0.12.RELEASE\spring-beans-5.0.12.RELEASE.jar;D:\repository\org\slf4j\jcl-over-slf4j\1.7.25\jcl-over-slf4j-1.7.25.jar;D:\repository\org\activiti\activiti-spring\5.22.0\activiti-spring-5.22.0.jar;D:\repository\org\springframework\spring-context\5.0.12.RELEASE\spring-context-5.0.12.RELEASE.jar;D:\repository\org\springframework\spring-jdbc\5.0.12.RELEASE\spring-jdbc-5.0.12.RELEASE.jar;D:\repository\org\springframework\spring-tx\5.0.12.RELEASE\spring-tx-5.0.12.RELEASE.jar;D:\repository\org\springframework\spring-orm\5.0.12.RELEASE\spring-orm-5.0.12.RELEASE.jar;D:\repository\commons-dbcp\commons-dbcp\1.4\commons-dbcp-1.4.jar;D:\repository\commons-pool\commons-pool\1.6\commons-pool-1.6.jar;D:\repository\org\mybatis\mybatis\3.4.6\mybatis-3.4.6.jar;D:\repository\mysql\mysql-connector-java\5.1.47\mysql-connector-java-5.1.47.jar;D:\repository\com\zaxxer\HikariCP\2.7.9\HikariCP-2.7.9.jar;D:\repository\org\springframework\boot\spring-boot-starter-security\2.0.8.RELEASE\spring-boot-starter-security-2.0.8.RELEASE.jar;D:\repository\org\springframework\spring-aop\5.0.12.RELEASE\spring-aop-5.0.12.RELEASE.jar;D:\repository\org\springframework\security\spring-security-config\5.0.11.RELEASE\spring-security-config-5.0.11.RELEASE.jar;D:\repository\org\springframework\security\spring-security-core\5.0.11.RELEASE\spring-security-core-5.0.11.RELEASE.jar;D:\repository\org\springframework\security\spring-security-web\5.0.11.RELEASE\spring-security-web-5.0.11.RELEASE.jar;D:\repository\org\springframework\boot\spring-boot-starter-thymeleaf\2.0.8.RELEASE\spring-boot-starter-thymeleaf-2.0.8.RELEASE.jar;D:\repository\org\thymeleaf\thymeleaf-spring5\3.0.11.RELEASE\thymeleaf-spring5-3.0.11.RELEASE.jar;D:\repository\org\thymeleaf\thymeleaf\3.0.11.RELEASE\thymeleaf-3.0.11.RELEASE.jar;D:\repository\org\attoparser\attoparser\2.0.5.RELEASE\attoparser-2.0.5.RELEASE.jar;D:\repository\org\unbescape\unbescape\1.1.6.RELEASE\unbescape-1.1.6.RELEASE.jar;D:\repository\org\thymeleaf\extras\thymeleaf-extras-java8time\3.0.2.RELEASE\thymeleaf-extras-java8time-3.0.2.RELEASE.jar;D:\repository\org\springframework\boot\spring-boot-starter-data-jpa\2.0.8.RELEASE\spring-boot-starter-data-jpa-2.0.8.RELEASE.jar;D:\repository\org\springframework\boot\spring-boot-starter-aop\2.0.8.RELEASE\spring-boot-starter-aop-2.0.8.RELEASE.jar;D:\repository\org\aspectj\aspectjweaver\1.8.13\aspectjweaver-1.8.13.jar;D:\repository\org\springframework\boot\spring-boot-starter-jdbc\2.0.8.RELEASE\spring-boot-starter-jdbc-2.0.8.RELEASE.jar;D:\repository\javax\transaction\javax.transaction-api\1.2\javax.transaction-api-1.2.jar;D:\repository\org\hibernate\hibernate-core\5.2.17.Final\hibernate-core-5.2.17.Final.jar;D:\repository\org\hibernate\javax\persistence\hibernate-jpa-2.1-api\1.0.2.Final\hibernate-jpa-2.1-api-1.0.2.Final.jar;D:\repository\org\javassist\javassist\3.22.0-GA\javassist-3.22.0-GA.jar;D:\repository\antlr\antlr\2.7.7\antlr-2.7.7.jar;D:\repository\org\jboss\jandex\2.0.3.Final\jandex-2.0.3.Final.jar;D:\repository\dom4j\dom4j\1.6.1\dom4j-1.6.1.jar;D:\repository\org\hibernate\common\hibernate-commons-annotations\5.0.1.Final\hibernate-commons-annotations-5.0.1.Final.jar;D:\repository\org\springframework\data\spring-data-jpa\2.0.13.RELEASE\spring-data-jpa-2.0.13.RELEASE.jar;D:\repository\org\springframework\data\spring-data-commons\2.0.13.RELEASE\spring-data-commons-2.0.13.RELEASE.jar;D:\repository\org\springframework\spring-aspects\5.0.12.RELEASE\spring-aspects-5.0.12.RELEASE.jar;D:\repository\org\thymeleaf\extras\thymeleaf-extras-springsecurity5\3.0.4.RELEASE\thymeleaf-extras-springsecurity5-3.0.4.RELEASE.jar;D:\repository\org\springframework\boot\spring-boot-devtools\2.0.8.RELEASE\spring-boot-devtools-2.0.8.RELEASE.jar;D:\repository\org\springframework\boot\spring-boot\2.0.8.RELEASE\spring-boot-2.0.8.RELEASE.jar;D:\repository\org\springframework\boot\spring-boot-autoconfigure\2.0.8.RELEASE\spring-boot-autoconfigure-2.0.8.RELEASE.jar;D:\repository\com\alibaba\fastjson\1.2.47\fastjson-1.2.47.jar;D:\repository\com\fasterxml\jackson\core\jackson-databind\2.9.8\jackson-databind-2.9.8.jar;D:\repository\com\fasterxml\jackson\core\jackson-annotations\2.9.0\jackson-annotations-2.9.0.jar;D:\repository\com\fasterxml\jackson\core\jackson-core\2.9.8\jackson-core-2.9.8.jar;"/>
    <property name="java.vm.vendor" value="Oracle Corporation"/>
    <property name="sun.arch.data.model" value="64"/>
    <property name="user.variant" value=""/>
    <property name="java.vendor.url" value="http://java.oracle.com/"/>
    <property name="user.timezone" value=""/>
    <property name="java.vm.specification.version" value="1.8"/>
    <property name="os.name" value="Windows 10"/>
    <property name="user.country" value="CN"/>
    <property name="sun.java.launcher" value="SUN_STANDARD"/>
    <property name="sun.boot.library.path" value="D:\install\java1.8\jre\bin"/>
    <property name="sun.java.command" value="C:\Users\ADMINI~1\AppData\Local\Temp\surefire2431595613918338618\surefirebooter5803129349955589347.jar C:\Users\Administrator\AppData\Local\Temp\surefire2431595613918338618 2020-02-19T23-57-31_244-jvmRun1 surefire8015070050997680861tmp surefire_07779893246543118478tmp"/>
    <property name="surefire.test.class.path" value="E:\运维风险管控\test\yorms\YORMS\yorms-activity\target\test-classes;E:\运维风险管控\test\yorms\YORMS\yorms-activity\target\classes;D:\repository\org\springframework\boot\spring-boot-starter-actuator\2.0.8.RELEASE\spring-boot-starter-actuator-2.0.8.RELEASE.jar;D:\repository\org\springframework\boot\spring-boot-starter\2.0.8.RELEASE\spring-boot-starter-2.0.8.RELEASE.jar;D:\repository\org\springframework\boot\spring-boot-starter-logging\2.0.8.RELEASE\spring-boot-starter-logging-2.0.8.RELEASE.jar;D:\repository\ch\qos\logback\logback-classic\1.2.3\logback-classic-1.2.3.jar;D:\repository\ch\qos\logback\logback-core\1.2.3\logback-core-1.2.3.jar;D:\repository\org\apache\logging\log4j\log4j-to-slf4j\2.10.0\log4j-to-slf4j-2.10.0.jar;D:\repository\org\apache\logging\log4j\log4j-api\2.10.0\log4j-api-2.10.0.jar;D:\repository\org\slf4j\jul-to-slf4j\1.7.25\jul-to-slf4j-1.7.25.jar;D:\repository\javax\annotation\javax.annotation-api\1.3.2\javax.annotation-api-1.3.2.jar;D:\repository\org\yaml\snakeyaml\1.19\snakeyaml-1.19.jar;D:\repository\org\springframework\boot\spring-boot-actuator-autoconfigure\2.0.8.RELEASE\spring-boot-actuator-autoconfigure-2.0.8.RELEASE.jar;D:\repository\org\springframework\boot\spring-boot-actuator\2.0.8.RELEASE\spring-boot-actuator-2.0.8.RELEASE.jar;D:\repository\com\fasterxml\jackson\datatype\jackson-datatype-jsr310\2.9.8\jackson-datatype-jsr310-2.9.8.jar;D:\repository\io\micrometer\micrometer-core\1.0.9\micrometer-core-1.0.9.jar;D:\repository\org\hdrhistogram\HdrHistogram\2.1.10\HdrHistogram-2.1.10.jar;D:\repository\org\latencyutils\LatencyUtils\2.0.3\LatencyUtils-2.0.3.jar;D:\repository\org\springframework\boot\spring-boot-starter-web\2.0.8.RELEASE\spring-boot-starter-web-2.0.8.RELEASE.jar;D:\repository\org\springframework\boot\spring-boot-starter-json\2.0.8.RELEASE\spring-boot-starter-json-2.0.8.RELEASE.jar;D:\repository\com\fasterxml\jackson\datatype\jackson-datatype-jdk8\2.9.8\jackson-datatype-jdk8-2.9.8.jar;D:\repository\com\fasterxml\jackson\module\jackson-module-parameter-names\2.9.8\jackson-module-parameter-names-2.9.8.jar;D:\repository\org\springframework\boot\spring-boot-starter-tomcat\2.0.8.RELEASE\spring-boot-starter-tomcat-2.0.8.RELEASE.jar;D:\repository\org\apache\tomcat\embed\tomcat-embed-core\8.5.37\tomcat-embed-core-8.5.37.jar;D:\repository\org\apache\tomcat\embed\tomcat-embed-el\8.5.37\tomcat-embed-el-8.5.37.jar;D:\repository\org\apache\tomcat\embed\tomcat-embed-websocket\8.5.37\tomcat-embed-websocket-8.5.37.jar;D:\repository\org\hibernate\validator\hibernate-validator\6.0.14.Final\hibernate-validator-6.0.14.Final.jar;D:\repository\javax\validation\validation-api\2.0.1.Final\validation-api-2.0.1.Final.jar;D:\repository\org\jboss\logging\jboss-logging\3.3.2.Final\jboss-logging-3.3.2.Final.jar;D:\repository\org\springframework\spring-web\5.0.12.RELEASE\spring-web-5.0.12.RELEASE.jar;D:\repository\org\springframework\spring-webmvc\5.0.12.RELEASE\spring-webmvc-5.0.12.RELEASE.jar;D:\repository\org\springframework\spring-expression\5.0.12.RELEASE\spring-expression-5.0.12.RELEASE.jar;D:\repository\org\springframework\boot\spring-boot-starter-test\2.0.8.RELEASE\spring-boot-starter-test-2.0.8.RELEASE.jar;D:\repository\org\springframework\boot\spring-boot-test\2.0.8.RELEASE\spring-boot-test-2.0.8.RELEASE.jar;D:\repository\org\springframework\boot\spring-boot-test-autoconfigure\2.0.8.RELEASE\spring-boot-test-autoconfigure-2.0.8.RELEASE.jar;D:\repository\com\jayway\jsonpath\json-path\2.4.0\json-path-2.4.0.jar;D:\repository\net\minidev\json-smart\2.3\json-smart-2.3.jar;D:\repository\net\minidev\accessors-smart\1.2\accessors-smart-1.2.jar;D:\repository\org\ow2\asm\asm\5.0.4\asm-5.0.4.jar;D:\repository\junit\junit\4.12\junit-4.12.jar;D:\repository\org\assertj\assertj-core\3.9.1\assertj-core-3.9.1.jar;D:\repository\org\mockito\mockito-core\2.15.0\mockito-core-2.15.0.jar;D:\repository\net\bytebuddy\byte-buddy\1.7.11\byte-buddy-1.7.11.jar;D:\repository\net\bytebuddy\byte-buddy-agent\1.7.11\byte-buddy-agent-1.7.11.jar;D:\repository\org\objenesis\objenesis\2.6\objenesis-2.6.jar;D:\repository\org\hamcrest\hamcrest-core\1.3\hamcrest-core-1.3.jar;D:\repository\org\hamcrest\hamcrest-library\1.3\hamcrest-library-1.3.jar;D:\repository\org\skyscreamer\jsonassert\1.5.0\jsonassert-1.5.0.jar;D:\repository\com\vaadin\external\google\android-json\0.0.20131108.vaadin1\android-json-0.0.20131108.vaadin1.jar;D:\repository\org\springframework\spring-core\5.0.12.RELEASE\spring-core-5.0.12.RELEASE.jar;D:\repository\org\springframework\spring-jcl\5.0.12.RELEASE\spring-jcl-5.0.12.RELEASE.jar;D:\repository\org\springframework\spring-test\5.0.12.RELEASE\spring-test-5.0.12.RELEASE.jar;D:\repository\org\xmlunit\xmlunit-core\2.5.1\xmlunit-core-2.5.1.jar;D:\repository\io\springfox\springfox-swagger2\2.6.1\springfox-swagger2-2.6.1.jar;D:\repository\io\swagger\swagger-annotations\1.5.10\swagger-annotations-1.5.10.jar;D:\repository\io\swagger\swagger-models\1.5.10\swagger-models-1.5.10.jar;D:\repository\io\springfox\springfox-spi\2.6.1\springfox-spi-2.6.1.jar;D:\repository\io\springfox\springfox-core\2.6.1\springfox-core-2.6.1.jar;D:\repository\io\springfox\springfox-schema\2.6.1\springfox-schema-2.6.1.jar;D:\repository\io\springfox\springfox-swagger-common\2.6.1\springfox-swagger-common-2.6.1.jar;D:\repository\io\springfox\springfox-spring-web\2.6.1\springfox-spring-web-2.6.1.jar;D:\repository\com\google\guava\guava\18.0\guava-18.0.jar;D:\repository\com\fasterxml\classmate\1.3.4\classmate-1.3.4.jar;D:\repository\org\slf4j\slf4j-api\1.7.25\slf4j-api-1.7.25.jar;D:\repository\org\springframework\plugin\spring-plugin-core\1.2.0.RELEASE\spring-plugin-core-1.2.0.RELEASE.jar;D:\repository\org\springframework\plugin\spring-plugin-metadata\1.2.0.RELEASE\spring-plugin-metadata-1.2.0.RELEASE.jar;D:\repository\org\mapstruct\mapstruct\1.0.0.Final\mapstruct-1.0.0.Final.jar;D:\repository\io\springfox\springfox-swagger-ui\2.6.1\springfox-swagger-ui-2.6.1.jar;D:\repository\javax\servlet\servlet-api\2.5\servlet-api-2.5.jar;D:\repository\org\springframework\cloud\spring-cloud-starter-consul-discovery\2.0.2.RELEASE\spring-cloud-starter-consul-discovery-2.0.2.RELEASE.jar;D:\repository\org\springframework\cloud\spring-cloud-starter-consul\2.0.2.RELEASE\spring-cloud-starter-consul-2.0.2.RELEASE.jar;D:\repository\org\springframework\cloud\spring-cloud-commons\2.0.3.RELEASE\spring-cloud-commons-2.0.3.RELEASE.jar;D:\repository\org\springframework\security\spring-security-crypto\5.0.11.RELEASE\spring-security-crypto-5.0.11.RELEASE.jar;D:\repository\org\springframework\cloud\spring-cloud-context\2.0.3.RELEASE\spring-cloud-context-2.0.3.RELEASE.jar;D:\repository\org\springframework\cloud\spring-cloud-consul-core\2.0.2.RELEASE\spring-cloud-consul-core-2.0.2.RELEASE.jar;D:\repository\com\ecwid\consul\consul-api\1.3.1\consul-api-1.3.1.jar;D:\repository\com\google\code\gson\gson\2.8.5\gson-2.8.5.jar;D:\repository\org\apache\httpcomponents\httpclient\4.5.6\httpclient-4.5.6.jar;D:\repository\commons-codec\commons-codec\1.11\commons-codec-1.11.jar;D:\repository\org\apache\httpcomponents\httpcore\4.4.10\httpcore-4.4.10.jar;D:\repository\org\springframework\cloud\spring-cloud-consul-discovery\2.0.2.RELEASE\spring-cloud-consul-discovery-2.0.2.RELEASE.jar;D:\repository\commons-configuration\commons-configuration\1.8\commons-configuration-1.8.jar;D:\repository\commons-lang\commons-lang\2.6\commons-lang-2.6.jar;D:\repository\org\springframework\cloud\spring-cloud-netflix-core\2.0.3.RELEASE\spring-cloud-netflix-core-2.0.3.RELEASE.jar;D:\repository\org\springframework\cloud\spring-cloud-starter-netflix-ribbon\2.0.3.RELEASE\spring-cloud-starter-netflix-ribbon-2.0.3.RELEASE.jar;D:\repository\org\springframework\cloud\spring-cloud-starter\2.0.3.RELEASE\spring-cloud-starter-2.0.3.RELEASE.jar;D:\repository\org\springframework\security\spring-security-rsa\1.0.7.RELEASE\spring-security-rsa-1.0.7.RELEASE.jar;D:\repository\org\bouncycastle\bcpkix-jdk15on\1.60\bcpkix-jdk15on-1.60.jar;D:\repository\org\bouncycastle\bcprov-jdk15on\1.60\bcprov-jdk15on-1.60.jar;D:\repository\org\springframework\cloud\spring-cloud-netflix-ribbon\2.0.3.RELEASE\spring-cloud-netflix-ribbon-2.0.3.RELEASE.jar;D:\repository\org\springframework\cloud\spring-cloud-netflix-archaius\2.0.3.RELEASE\spring-cloud-netflix-archaius-2.0.3.RELEASE.jar;D:\repository\org\springframework\cloud\spring-cloud-starter-netflix-archaius\2.0.3.RELEASE\spring-cloud-starter-netflix-archaius-2.0.3.RELEASE.jar;D:\repository\com\netflix\archaius\archaius-core\0.7.6\archaius-core-0.7.6.jar;D:\repository\com\google\code\findbugs\jsr305\3.0.1\jsr305-3.0.1.jar;D:\repository\com\netflix\ribbon\ribbon\2.2.5\ribbon-2.2.5.jar;D:\repository\com\netflix\ribbon\ribbon-transport\2.2.5\ribbon-transport-2.2.5.jar;D:\repository\io\reactivex\rxnetty-contexts\0.4.9\rxnetty-contexts-0.4.9.jar;D:\repository\io\reactivex\rxnetty-servo\0.4.9\rxnetty-servo-0.4.9.jar;D:\repository\com\netflix\hystrix\hystrix-core\1.4.3\hystrix-core-1.4.3.jar;D:\repository\javax\inject\javax.inject\1\javax.inject-1.jar;D:\repository\io\reactivex\rxnetty\0.4.9\rxnetty-0.4.9.jar;D:\repository\com\netflix\ribbon\ribbon-core\2.2.5\ribbon-core-2.2.5.jar;D:\repository\com\netflix\ribbon\ribbon-httpclient\2.2.5\ribbon-httpclient-2.2.5.jar;D:\repository\commons-collections\commons-collections\3.2.2\commons-collections-3.2.2.jar;D:\repository\com\sun\jersey\jersey-client\1.19.1\jersey-client-1.19.1.jar;D:\repository\com\sun\jersey\jersey-core\1.19.1\jersey-core-1.19.1.jar;D:\repository\javax\ws\rs\jsr311-api\1.1.1\jsr311-api-1.1.1.jar;D:\repository\com\sun\jersey\contribs\jersey-apache-client4\1.19.1\jersey-apache-client4-1.19.1.jar;D:\repository\com\netflix\servo\servo-core\0.10.1\servo-core-0.10.1.jar;D:\repository\com\netflix\servo\servo-internal\0.10.1\servo-internal-0.10.1.jar;D:\repository\com\netflix\netflix-commons\netflix-commons-util\0.1.1\netflix-commons-util-0.1.1.jar;D:\repository\com\netflix\ribbon\ribbon-loadbalancer\2.2.5\ribbon-loadbalancer-2.2.5.jar;D:\repository\com\netflix\netflix-commons\netflix-statistics\0.1.1\netflix-statistics-0.1.1.jar;D:\repository\io\reactivex\rxjava\1.3.8\rxjava-1.3.8.jar;D:\repository\joda-time\joda-time\2.9.9\joda-time-2.9.9.jar;D:\repository\org\springframework\cloud\spring-cloud-starter-consul-config\2.0.2.RELEASE\spring-cloud-starter-consul-config-2.0.2.RELEASE.jar;D:\repository\org\springframework\cloud\spring-cloud-consul-config\2.0.2.RELEASE\spring-cloud-consul-config-2.0.2.RELEASE.jar;D:\repository\org\activiti\activiti-spring-boot-starter-basic\5.22.0\activiti-spring-boot-starter-basic-5.22.0.jar;D:\repository\org\activiti\activiti-engine\5.22.0\activiti-engine-5.22.0.jar;D:\repository\org\activiti\activiti-bpmn-converter\5.22.0\activiti-bpmn-converter-5.22.0.jar;D:\repository\org\activiti\activiti-bpmn-model\5.22.0\activiti-bpmn-model-5.22.0.jar;D:\repository\org\activiti\activiti-process-validation\5.22.0\activiti-process-validation-5.22.0.jar;D:\repository\org\activiti\activiti-image-generator\5.22.0\activiti-image-generator-5.22.0.jar;D:\repository\org\apache\commons\commons-email\1.4\commons-email-1.4.jar;D:\repository\com\sun\mail\javax.mail\1.6.2\javax.mail-1.6.2.jar;D:\repository\javax\activation\activation\1.1.1\activation-1.1.1.jar;D:\repository\org\apache\commons\commons-lang3\3.7\commons-lang3-3.7.jar;D:\repository\org\springframework\spring-beans\5.0.12.RELEASE\spring-beans-5.0.12.RELEASE.jar;D:\repository\org\slf4j\jcl-over-slf4j\1.7.25\jcl-over-slf4j-1.7.25.jar;D:\repository\org\activiti\activiti-spring\5.22.0\activiti-spring-5.22.0.jar;D:\repository\org\springframework\spring-context\5.0.12.RELEASE\spring-context-5.0.12.RELEASE.jar;D:\repository\org\springframework\spring-jdbc\5.0.12.RELEASE\spring-jdbc-5.0.12.RELEASE.jar;D:\repository\org\springframework\spring-tx\5.0.12.RELEASE\spring-tx-5.0.12.RELEASE.jar;D:\repository\org\springframework\spring-orm\5.0.12.RELEASE\spring-orm-5.0.12.RELEASE.jar;D:\repository\commons-dbcp\commons-dbcp\1.4\commons-dbcp-1.4.jar;D:\repository\commons-pool\commons-pool\1.6\commons-pool-1.6.jar;D:\repository\org\mybatis\mybatis\3.4.6\mybatis-3.4.6.jar;D:\repository\mysql\mysql-connector-java\5.1.47\mysql-connector-java-5.1.47.jar;D:\repository\com\zaxxer\HikariCP\2.7.9\HikariCP-2.7.9.jar;D:\repository\org\springframework\boot\spring-boot-starter-security\2.0.8.RELEASE\spring-boot-starter-security-2.0.8.RELEASE.jar;D:\repository\org\springframework\spring-aop\5.0.12.RELEASE\spring-aop-5.0.12.RELEASE.jar;D:\repository\org\springframework\security\spring-security-config\5.0.11.RELEASE\spring-security-config-5.0.11.RELEASE.jar;D:\repository\org\springframework\security\spring-security-core\5.0.11.RELEASE\spring-security-core-5.0.11.RELEASE.jar;D:\repository\org\springframework\security\spring-security-web\5.0.11.RELEASE\spring-security-web-5.0.11.RELEASE.jar;D:\repository\org\springframework\boot\spring-boot-starter-thymeleaf\2.0.8.RELEASE\spring-boot-starter-thymeleaf-2.0.8.RELEASE.jar;D:\repository\org\thymeleaf\thymeleaf-spring5\3.0.11.RELEASE\thymeleaf-spring5-3.0.11.RELEASE.jar;D:\repository\org\thymeleaf\thymeleaf\3.0.11.RELEASE\thymeleaf-3.0.11.RELEASE.jar;D:\repository\org\attoparser\attoparser\2.0.5.RELEASE\attoparser-2.0.5.RELEASE.jar;D:\repository\org\unbescape\unbescape\1.1.6.RELEASE\unbescape-1.1.6.RELEASE.jar;D:\repository\org\thymeleaf\extras\thymeleaf-extras-java8time\3.0.2.RELEASE\thymeleaf-extras-java8time-3.0.2.RELEASE.jar;D:\repository\org\springframework\boot\spring-boot-starter-data-jpa\2.0.8.RELEASE\spring-boot-starter-data-jpa-2.0.8.RELEASE.jar;D:\repository\org\springframework\boot\spring-boot-starter-aop\2.0.8.RELEASE\spring-boot-starter-aop-2.0.8.RELEASE.jar;D:\repository\org\aspectj\aspectjweaver\1.8.13\aspectjweaver-1.8.13.jar;D:\repository\org\springframework\boot\spring-boot-starter-jdbc\2.0.8.RELEASE\spring-boot-starter-jdbc-2.0.8.RELEASE.jar;D:\repository\javax\transaction\javax.transaction-api\1.2\javax.transaction-api-1.2.jar;D:\repository\org\hibernate\hibernate-core\5.2.17.Final\hibernate-core-5.2.17.Final.jar;D:\repository\org\hibernate\javax\persistence\hibernate-jpa-2.1-api\1.0.2.Final\hibernate-jpa-2.1-api-1.0.2.Final.jar;D:\repository\org\javassist\javassist\3.22.0-GA\javassist-3.22.0-GA.jar;D:\repository\antlr\antlr\2.7.7\antlr-2.7.7.jar;D:\repository\org\jboss\jandex\2.0.3.Final\jandex-2.0.3.Final.jar;D:\repository\dom4j\dom4j\1.6.1\dom4j-1.6.1.jar;D:\repository\org\hibernate\common\hibernate-commons-annotations\5.0.1.Final\hibernate-commons-annotations-5.0.1.Final.jar;D:\repository\org\springframework\data\spring-data-jpa\2.0.13.RELEASE\spring-data-jpa-2.0.13.RELEASE.jar;D:\repository\org\springframework\data\spring-data-commons\2.0.13.RELEASE\spring-data-commons-2.0.13.RELEASE.jar;D:\repository\org\springframework\spring-aspects\5.0.12.RELEASE\spring-aspects-5.0.12.RELEASE.jar;D:\repository\org\thymeleaf\extras\thymeleaf-extras-springsecurity5\3.0.4.RELEASE\thymeleaf-extras-springsecurity5-3.0.4.RELEASE.jar;D:\repository\org\springframework\boot\spring-boot-devtools\2.0.8.RELEASE\spring-boot-devtools-2.0.8.RELEASE.jar;D:\repository\org\springframework\boot\spring-boot\2.0.8.RELEASE\spring-boot-2.0.8.RELEASE.jar;D:\repository\org\springframework\boot\spring-boot-autoconfigure\2.0.8.RELEASE\spring-boot-autoconfigure-2.0.8.RELEASE.jar;D:\repository\com\alibaba\fastjson\1.2.47\fastjson-1.2.47.jar;D:\repository\com\fasterxml\jackson\core\jackson-databind\2.9.8\jackson-databind-2.9.8.jar;D:\repository\com\fasterxml\jackson\core\jackson-annotations\2.9.0\jackson-annotations-2.9.0.jar;D:\repository\com\fasterxml\jackson\core\jackson-core\2.9.8\jackson-core-2.9.8.jar;"/>
    <property name="sun.cpu.endian" value="little"/>
    <property name="user.home" value="C:\Users\Administrator"/>
    <property name="user.language" value="zh"/>
    <property name="java.specification.vendor" value="Oracle Corporation"/>
    <property name="java.home" value="D:\install\java1.8\jre"/>
    <property name="basedir" value="E:\运维风险管控\test\yorms\YORMS\yorms-activity"/>
    <property name="file.separator" value="\"/>
    <property name="line.separator" value="&#10;"/>
    <property name="java.vm.specification.vendor" value="Oracle Corporation"/>
    <property name="java.specification.name" value="Java Platform API Specification"/>
    <property name="java.awt.graphicsenv" value="sun.awt.Win32GraphicsEnvironment"/>
    <property name="surefire.real.class.path" value="C:\Users\ADMINI~1\AppData\Local\Temp\surefire2431595613918338618\surefirebooter5803129349955589347.jar"/>
    <property name="sun.boot.class.path" value="D:\install\java1.8\jre\lib\resources.jar;D:\install\java1.8\jre\lib\rt.jar;D:\install\java1.8\jre\lib\sunrsasign.jar;D:\install\java1.8\jre\lib\jsse.jar;D:\install\java1.8\jre\lib\jce.jar;D:\install\java1.8\jre\lib\charsets.jar;D:\install\java1.8\jre\lib\jfr.jar;D:\install\java1.8\jre\classes"/>
    <property name="user.script" value=""/>
    <property name="sun.management.compiler" value="HotSpot 64-Bit Tiered Compilers"/>
    <property name="java.runtime.version" value="1.8.0_131-b11"/>
    <property name="user.name" value="Administrator"/>
    <property name="path.separator" value=";"/>
    <property name="os.version" value="10.0"/>
    <property name="java.endorsed.dirs" value="D:\install\java1.8\jre\lib\endorsed"/>
    <property name="java.runtime.name" value="Java(TM) SE Runtime Environment"/>
    <property name="file.encoding" value="GBK"/>
    <property name="java.vm.name" value="Java HotSpot(TM) 64-Bit Server VM"/>
    <property name="localRepository" value="D:\repository"/>
    <property name="java.vendor.url.bug" value="http://bugreport.sun.com/bugreport/"/>
    <property name="java.io.tmpdir" value="C:\Users\ADMINI~1\AppData\Local\Temp\"/>
    <property name="java.version" value="1.8.0_131"/>
    <property name="user.dir" value="E:\运维风险管控\test\yorms\YORMS\yorms-activity"/>
    <property name="os.arch" value="amd64"/>
    <property name="java.vm.specification.name" value="Java Virtual Machine Specification"/>
    <property name="java.awt.printerjob" value="sun.awt.windows.WPrinterJob"/>
    <property name="sun.os.patch.level" value=""/>
    <property name="java.library.path" value="D:\install\java1.8\jre\bin;C:\Windows\Sun\Java\bin;C:\Windows\system32;C:\Windows;D:/install/java1.8/bin/../jre/bin/server;D:/install/java1.8/bin/../jre/bin;D:/install/java1.8/bin/../jre/lib/amd64;C:\Python27\;C:\Python27\Scripts;C:\Windows\system32;C:\Windows;C:\Windows\System32\Wbem;C:\Windows\System32\WindowsPowerShell\v1.0\;C:\Program Files\IDM Computer Solutions\UltraEdit;D:\install\java1.8\bin;D:\install\apache-maven-3.5.2\bin;D:\install\node\;C:\ProgramData\chocolatey\bin;D:\install\gradle-2.4\bin;D:\2345Downloads\Software\consul_1.6.2_windows_amd64;D:\install\Scala-2.13.1\bin;F:\install\hadoop2.7.1\hadoop-2.7.1\bin;F:\install\spark\spark-2.4.4-bin-hadoop2.7\bin;C:\Users\Administrator\AppData\Local\Microsoft\WindowsApps;D:\install\IntelliJ IDEA 2019.2.3\bin;;D:\install\node\node_global;C:\Users\Administrator\AppData\Roaming\npm;;D:\install\Microsoft VS Code\bin;D:\install\PyCharm 2018.3.5\bin;;D:\install\DriverGenius;D:\install\DriverGenius\ksoft;C:\Users\Administrator\Desktop;;."/>
    <property name="java.vm.info" value="mixed mode"/>
    <property name="java.vendor" value="Oracle Corporation"/>
    <property name="java.vm.version" value="25.131-b11"/>
    <property name="java.ext.dirs" value="D:\install\java1.8\jre\lib\ext;C:\Windows\Sun\Java\lib\ext"/>
    <property name="sun.io.unicode.encoding" value="UnicodeLittle"/>
    <property name="java.class.version" value="52.0"/>
  </properties>
  <testcase name="findTasksByUserId" classname="cn.com.yusys.activiti.ActivitiTest" time="0.236"/>
  <testcase name="testStartProcess" classname="cn.com.yusys.activiti.ActivitiTest" time="0.22"/>
</testsuite>